[ 2017-09-01T19:38:36+08:00 ] 127.0.0.1 /
INFO: [ app_init ] --START--
INFO: Run Behavior\BuildLiteBehavior [ RunTime:0.000040s ]
INFO: [ app_init ] --END-- [ RunTime:0.000241s ]
INFO: [ app_begin ] --START--
INFO: Run Behavior\ReadHtmlCacheBehavior [ RunTime:0.001905s ]
INFO: [ app_begin ] --END-- [ RunTime:0.002040s ]
INFO: [ view_parse ] --START--
INFO: [ template_filter ] --START--
INFO: Run Behavior\ContentReplaceBehavior [ RunTime:0.000071s ]
INFO: [ template_filter ] --END-- [ RunTime:0.000186s ]
INFO: Run Behavior\ParseTemplateBehavior [ RunTime:0.016169s ]
INFO: [ view_parse ] --END-- [ RunTime:0.016504s ]
INFO: [ view_filter ] --START--
INFO: Run Behavior\WriteHtmlCacheBehavior [ RunTime:0.001486s ]
INFO: [ view_filter ] --END-- [ RunTime:0.001621s ]
INFO: [ app_end ] --START--
INFO: Run Behavior\ShowPageTraceBehavior [ RunTime:0.001304s ]
INFO: [ app_end ] --END-- [ RunTime:0.001409s ]

[ 2017-09-01T19:45:37+08:00 ] 127.0.0.1 /index.php/Home/Goods/showlist
INFO: [ app_init ] --START--
INFO: Run Behavior\BuildLiteBehavior [ RunTime:0.000026s ]
INFO: [ app_init ] --END-- [ RunTime:0.000885s ]
INFO: [ app_begin ] --START--
INFO: Run Behavior\ReadHtmlCacheBehavior [ RunTime:0.002158s ]
INFO: [ app_begin ] --END-- [ RunTime:0.002319s ]
ERR: 无法加载控制器:Goods

[ 2017-09-01T19:46:30+08:00 ] 127.0.0.1 /index.php/Home/Goods/showlist
INFO: [ app_init ] --START--
INFO: Run Behavior\BuildLiteBehavior [ RunTime:0.000037s ]
INFO: [ app_init ] --END-- [ RunTime:0.001329s ]
INFO: [ app_begin ] --START--
INFO: Run Behavior\ReadHtmlCacheBehavior [ RunTime:0.002312s ]
INFO: [ app_begin ] --END-- [ RunTime:0.002502s ]
ERR: 无法加载控制器:Goods

[ 2017-09-01T19:57:12+08:00 ] 127.0.0.1 /index.php/Home/Goods/showlist
INFO: [ app_init ] --START--
INFO: Run Behavior\BuildLiteBehavior [ RunTime:0.000039s ]
INFO: [ app_init ] --END-- [ RunTime:0.001312s ]
INFO: [ app_begin ] --START--
INFO: Run Behavior\ReadHtmlCacheBehavior [ RunTime:0.001826s ]
INFO: [ app_begin ] --END-- [ RunTime:0.001954s ]
ERR: 无法加载控制器:Goods

[ 2017-09-01T19:57:14+08:00 ] 127.0.0.1 /index.php/Home/Goods/showlist
INFO: [ app_init ] --START--
INFO: Run Behavior\BuildLiteBehavior [ RunTime:0.000036s ]
INFO: [ app_init ] --END-- [ RunTime:0.001021s ]
INFO: [ app_begin ] --START--
INFO: Run Behavior\ReadHtmlCacheBehavior [ RunTime:0.002328s ]
INFO: [ app_begin ] --END-- [ RunTime:0.002517s ]
ERR: 无法加载控制器:Goods

[ 2017-09-01T19:57:33+08:00 ] 127.0.0.1 /index.php/Home/Goods/showlist
INFO: [ app_init ] --START--
INFO: Run Behavior\BuildLiteBehavior [ RunTime:0.000194s ]
INFO: [ app_init ] --END-- [ RunTime:0.001488s ]
INFO: [ app_begin ] --START--
INFO: Run Behavior\ReadHtmlCacheBehavior [ RunTime:0.002187s ]
INFO: [ app_begin ] --END-- [ RunTime:0.002445s ]
INFO: [ app_end ] --START--
INFO: Run Behavior\ShowPageTraceBehavior [ RunTime:0.002116s ]
INFO: [ app_end ] --END-- [ RunTime:0.002313s ]

[ 2017-09-01T19:58:00+08:00 ] 127.0.0.1 /index.php/Home/Goods/showlist
INFO: [ app_init ] --START--
INFO: Run Behavior\BuildLiteBehavior [ RunTime:0.000058s ]
INFO: [ app_init ] --END-- [ RunTime:0.003299s ]
INFO: [ app_begin ] --START--
INFO: Run Behavior\ReadHtmlCacheBehavior [ RunTime:0.001927s ]
INFO: [ app_begin ] --END-- [ RunTime:0.002125s ]
INFO: [ view_parse ] --START--
INFO: [ template_filter ] --START--
INFO: Run Behavior\ContentReplaceBehavior [ RunTime:0.000922s ]
INFO: [ template_filter ] --END-- [ RunTime:0.001074s ]
INFO: Run Behavior\ParseTemplateBehavior [ RunTime:0.063103s ]
INFO: [ view_parse ] --END-- [ RunTime:0.063302s ]
INFO: [ view_filter ] --START--
INFO: Run Behavior\WriteHtmlCacheBehavior [ RunTime:0.000967s ]
INFO: [ view_filter ] --END-- [ RunTime:0.001081s ]
INFO: [ app_end ] --START--
INFO: Run Behavior\ShowPageTraceBehavior [ RunTime:0.001320s ]
INFO: [ app_end ] --END-- [ RunTime:0.001465s ]

[ 2017-09-01T19:58:00+08:00 ] 127.0.0.1 /index.php/Home/Goods/css/meici.css
INFO: [ app_init ] --START--
INFO: Run Behavior\BuildLiteBehavior [ RunTime:0.000040s ]
INFO: [ app_init ] --END-- [ RunTime:0.001118s ]
INFO: [ app_begin ] --START--
INFO: Run Behavior\ReadHtmlCacheBehavior [ RunTime:0.001420s ]
INFO: [ app_begin ] --END-- [ RunTime:0.001735s ]
ERR: 非法操作:css

[ 2017-09-01T19:58:00+08:00 ] 127.0.0.1 /index.php/Home/Goods/css/meici_new.css
INFO: [ app_init ] --START--
INFO: Run Behavior\BuildLiteBehavior [ RunTime:0.000038s ]
INFO: [ app_init ] --END-- [ RunTime:0.001327s ]
INFO: [ app_begin ] --START--
INFO: Run Behavior\ReadHtmlCacheBehavior [ RunTime:0.002237s ]
INFO: [ app_begin ] --END-- [ RunTime:0.002440s ]
ERR: 非法操作:css

[ 2017-09-01T19:58:00+08:00 ] 127.0.0.1 /index.php/Home/Goods/img/ewm_indexTop.png
INFO: [ app_init ] --START--
INFO: Run Behavior\BuildLiteBehavior [ RunTime:0.000038s ]
INFO: [ app_init ] --END-- [ RunTime:0.001132s ]

[ 2017-09-01T19:58:00+08:00 ] 127.0.0.1 /index.php/Home/Goods/img/ewm_txt.png
INFO: [ app_init ] --START--
INFO: Run Behavior\BuildLiteBehavior [ RunTime:0.000036s ]
INFO: [ app_init ] --END-- [ RunTime:0.001008s ]

[ 2017-09-01T19:58:00+08:00 ] 127.0.0.1 /index.php/Home/Goods/img/meicilogo.png
INFO: [ app_init ] --START--
INFO: Run Behavior\BuildLiteBehavior [ RunTime:0.000039s ]
INFO: [ app_init ] --END-- [ RunTime:0.001067s ]

[ 2017-09-01T19:58:00+08:00 ] 127.0.0.1 /index.php/Home/Goods/img/mzine.jpg
INFO: [ app_init ] --START--
INFO: Run Behavior\BuildLiteBehavior [ RunTime:0.000040s ]
INFO: [ app_init ] --END-- [ RunTime:0.001078s ]

[ 2017-09-01T19:58:00+08:00 ] 127.0.0.1 /index.php/Home/Goods/img/pic_brand_title.gif
INFO: [ app_init ] --START--
INFO: Run Behavior\BuildLiteBehavior [ RunTime:0.000038s ]
INFO: [ app_init ] --END-- [ RunTime:0.001168s ]

[ 2017-09-01T19:58:00+08:00 ] 127.0.0.1 /index.php/Home/Goods/img/color-01.gif
INFO: [ app_init ] --START--
INFO: Run Behavior\BuildLiteBehavior [ RunTime:0.000038s ]
INFO: [ app_init ] --END-- [ RunTime:0.001049s ]

[ 2017-09-01T19:58:00+08:00 ] 127.0.0.1 /index.php/Home/Goods/img/color-02.gif
INFO: [ app_init ] --START--
INFO: Run Behavior\BuildLiteBehavior [ RunTime:0.000036s ]
INFO: [ app_init ] --END-- [ RunTime:0.001034s ]

[ 2017-09-01T19:58:00+08:00 ] 127.0.0.1 /index.php/Home/Goods/img/pic_color_title.gif
INFO: [ app_init ] --START--
INFO: Run Behavior\BuildLiteBehavior [ RunTime:0.000035s ]
INFO: [ app_init ] --END-- [ RunTime:0.001266s ]

[ 2017-09-01T19:58:00+08:00 ] 127.0.0.1 /index.php/Home/Goods/img/color-05.gif
INFO: [ app_init ] --START--
INFO: Run Behavior\BuildLiteBehavior [ RunTime:0.000038s ]
INFO: [ app_init ] --END-- [ RunTime:0.001427s ]

[ 2017-09-01T19:58:00+08:00 ] 127.0.0.1 /index.php/Home/Goods/img/color-04.gif
INFO: [ app_init ] --START--
INFO: Run Behavior\BuildLiteBehavior [ RunTime:0.000038s ]
INFO: [ app_init ] --END-- [ RunTime:0.001357s ]

[ 2017-09-01T19:58:00+08:00 ] 127.0.0.1 /index.php/Home/Goods/img/color-10.gif
INFO: [ app_init ] --START--
INFO: Run Behavior\BuildLiteBehavior [ RunTime:0.000038s ]
INFO: [ app_init ] --END-- [ RunTime:0.001271s ]

[ 2017-09-01T19:58:00+08:00 ] 127.0.0.1 /index.php/Home/Goods/img/color-06.gif
INFO: [ app_init ] --START--
INFO: Run Behavior\BuildLiteBehavior [ RunTime:0.000041s ]
INFO: [ app_init ] --END-- [ RunTime:0.001252s ]

[ 2017-09-01T19:58:00+08:00 ] 127.0.0.1 /index.php/Home/Goods/img/color-11.gif
INFO: [ app_init ] --START--
INFO: Run Behavior\BuildLiteBehavior [ RunTime:0.000039s ]
INFO: [ app_init ] --END-- [ RunTime:0.001018s ]

[ 2017-09-01T19:58:00+08:00 ] 127.0.0.1 /index.php/Home/Goods/img/color-12.gif
INFO: [ app_init ] --START--
INFO: Run Behavior\BuildLiteBehavior [ RunTime:0.000039s ]
INFO: [ app_init ] --END-- [ RunTime:0.001009s ]

[ 2017-09-01T19:58:00+08:00 ] 127.0.0.1 /index.php/Home/Goods/img/color-08.gif
INFO: [ app_init ] --START--
INFO: Run Behavior\BuildLiteBehavior [ RunTime:0.000037s ]
INFO: [ app_init ] --END-- [ RunTime:0.001026s ]

[ 2017-09-01T19:58:00+08:00 ] 127.0.0.1 /index.php/Home/Goods/img/color-03.gif
INFO: [ app_init ] --START--
INFO: Run Behavior\BuildLiteBehavior [ RunTime:0.000036s ]
INFO: [ app_init ] --END-- [ RunTime:0.000998s ]

[ 2017-09-01T19:58:00+08:00 ] 127.0.0.1 /index.php/Home/Goods/img/color-14.gif
INFO: [ app_init ] --START--
INFO: Run Behavior\BuildLiteBehavior [ RunTime:0.000042s ]
INFO: [ app_init ] --END-- [ RunTime:0.001160s ]

[ 2017-09-01T19:58:00+08:00 ] 127.0.0.1 /index.php/Home/Goods/img/color-09.gif
INFO: [ app_init ] --START--
INFO: Run Behavior\BuildLiteBehavior [ RunTime:0.000044s ]
INFO: [ app_init ] --END-- [ RunTime:0.003412s ]

[ 2017-09-01T19:58:00+08:00 ] 127.0.0.1 /index.php/Home/Goods/img/color-13.gif
INFO: [ app_init ] --START--
INFO: Run Behavior\BuildLiteBehavior [ RunTime:0.000032s ]
INFO: [ app_init ] --END-- [ RunTime:0.000998s ]

[ 2017-09-01T19:58:00+08:00 ] 127.0.0.1 /index.php/Home/Goods/img/pic_price_title.gif
INFO: [ app_init ] --START--
INFO: Run Behavior\BuildLiteBehavior [ RunTime:0.000035s ]
INFO: [ app_init ] --END-- [ RunTime:0.001733s ]

[ 2017-09-01T19:58:00+08:00 ] 127.0.0.1 /index.php/Home/Goods/img/color-07.gif
INFO: [ app_init ] --START--
INFO: Run Behavior\BuildLiteBehavior [ RunTime:0.000044s ]
INFO: [ app_init ] --END-- [ RunTime:0.010900s ]

[ 2017-09-01T19:58:00+08:00 ] 127.0.0.1 /index.php/Home/Goods/img/color-21.gif
INFO: [ app_init ] --START--
INFO: Run Behavior\BuildLiteBehavior [ RunTime:0.000040s ]
INFO: [ app_init ] --END-- [ RunTime:0.001062s ]

[ 2017-09-01T19:58:00+08:00 ] 127.0.0.1 /index.php/Home/Goods/img/color-22.gif
INFO: [ app_init ] --START--
INFO: Run Behavior\BuildLiteBehavior [ RunTime:0.000038s ]
INFO: [ app_init ] --END-- [ RunTime:0.001021s ]

[ 2017-09-01T19:58:00+08:00 ] 127.0.0.1 /index.php/Home/Goods/img/color-20.gif
INFO: [ app_init ] --START--
INFO: Run Behavior\BuildLiteBehavior [ RunTime:0.000039s ]
INFO: [ app_init ] --END-- [ RunTime:0.001058s ]

[ 2017-09-01T19:58:00+08:00 ] 127.0.0.1 /index.php/Home/Goods/img/14831047251165786252.jpg
INFO: [ app_init ] --START--
INFO: Run Behavior\BuildLiteBehavior [ RunTime:0.000039s ]
INFO: [ app_init ] --END-- [ RunTime:0.001021s ]

[ 2017-09-01T19:58:00+08:00 ] 127.0.0.1 /index.php/Home/Goods/img/1483104727562142163.jpg
INFO: [ app_init ] --START--
INFO: Run Behavior\BuildLiteBehavior [ RunTime:0.000038s ]
INFO: [ app_init ] --END-- [ RunTime:0.001056s ]

[ 2017-09-01T19:58:00+08:00 ] 127.0.0.1 /index.php/Home/Goods/img/14831047292087360840.jpg
INFO: [ app_init ] --START--
INFO: Run Behavior\BuildLiteBehavior [ RunTime:0.000037s ]
INFO: [ app_init ] --END-- [ RunTime:0.001006s ]

[ 2017-09-01T19:58:00+08:00 ] 127.0.0.1 /index.php/Home/Goods/img/r-036131-1.jpg
INFO: [ app_init ] --START--
INFO: Run Behavior\BuildLiteBehavior [ RunTime:0.000037s ]
INFO: [ app_init ] --END-- [ RunTime:0.001024s ]

[ 2017-09-01T19:58:00+08:00 ] 127.0.0.1 /index.php/Home/Goods/img/r-024840-1.jpg
INFO: [ app_init ] --START--
INFO: Run Behavior\BuildLiteBehavior [ RunTime:0.000039s ]
INFO: [ app_init ] --END-- [ RunTime:0.001058s ]

[ 2017-09-01T19:58:00+08:00 ] 127.0.0.1 /index.php/Home/Goods/img/r-048308-1.jpg
INFO: [ app_init ] --START--
INFO: Run Behavior\BuildLiteBehavior [ RunTime:0.000038s ]
INFO: [ app_init ] --END-- [ RunTime:0.001078s ]

[ 2017-09-01T19:58:01+08:00 ] 127.0.0.1 /index.php/Home/Goods/img/r-043157-1.jpg
INFO: [ app_init ] --START--
INFO: Run Behavior\BuildLiteBehavior [ RunTime:0.000037s ]
INFO: [ app_init ] --END-- [ RunTime:0.001156s ]

[ 2017-09-01T19:58:01+08:00 ] 127.0.0.1 /index.php/Home/Goods/img/r-038341-1.jpg
INFO: [ app_init ] --START--
INFO: Run Behavior\BuildLiteBehavior [ RunTime:0.000036s ]
INFO: [ app_init ] --END-- [ RunTime:0.001001s ]

[ 2017-09-01T19:58:01+08:00 ] 127.0.0.1 /index.php/Home/Goods/img/r-088899-1.jpg
INFO: [ app_init ] --START--
INFO: Run Behavior\BuildLiteBehavior [ RunTime:0.000036s ]
INFO: [ app_init ] --END-- [ RunTime:0.000996s ]

[ 2017-09-01T19:58:01+08:00 ] 127.0.0.1 /index.php/Home/Goods/img/r-020895-1.jpg
INFO: [ app_init ] --START--
INFO: Run Behavior\BuildLiteBehavior [ RunTime:0.000039s ]
INFO: [ app_init ] --END-- [ RunTime:0.001067s ]

[ 2017-09-01T19:58:01+08:00 ] 127.0.0.1 /index.php/Home/Goods/img/r-061329-1.jpg
INFO: [ app_init ] --START--
INFO: Run Behavior\BuildLiteBehavior [ RunTime:0.000042s ]
INFO: [ app_init ] --END-- [ RunTime:0.001573s ]

[ 2017-09-01T19:58:01+08:00 ] 127.0.0.1 /index.php/Home/Goods/img/r-051045-1.jpg
INFO: [ app_init ] --START--
INFO: Run Behavior\BuildLiteBehavior [ RunTime:0.000036s ]
INFO: [ app_init ] --END-- [ RunTime:0.000997s ]

[ 2017-09-01T19:58:01+08:00 ] 127.0.0.1 /index.php/Home/Goods/img/r-044578-1.jpg
INFO: [ app_init ] --START--
INFO: Run Behavior\BuildLiteBehavior [ RunTime:0.000036s ]
INFO: [ app_init ] --END-- [ RunTime:0.001013s ]

[ 2017-09-01T19:58:01+08:00 ] 127.0.0.1 /index.php/Home/Goods/img/r-047672-1.jpg
INFO: [ app_init ] --START--
INFO: Run Behavior\BuildLiteBehavior [ RunTime:0.000039s ]
INFO: [ app_init ] --END-- [ RunTime:0.001077s ]

[ 2017-09-01T19:58:01+08:00 ] 127.0.0.1 /index.php/Home/Goods/img/r-066178-1.jpg
INFO: [ app_init ] --START--
INFO: Run Behavior\BuildLiteBehavior [ RunTime:0.000038s ]
INFO: [ app_init ] --END-- [ RunTime:0.003102s ]

[ 2017-09-01T19:58:01+08:00 ] 127.0.0.1 /index.php/Home/Goods/img/r-071012-1.jpg
INFO: [ app_init ] --START--
INFO: Run Behavior\BuildLiteBehavior [ RunTime:0.000038s ]
INFO: [ app_init ] --END-- [ RunTime:0.001227s ]

[ 2017-09-01T19:58:01+08:00 ] 127.0.0.1 /index.php/Home/Goods/img/r-030860-1.jpg
INFO: [ app_init ] --START--
INFO: Run Behavior\BuildLiteBehavior [ RunTime:0.000036s ]
INFO: [ app_init ] --END-- [ RunTime:0.001016s ]

[ 2017-09-01T19:58:01+08:00 ] 127.0.0.1 /index.php/Home/Goods/img/r-012698-1.jpg
INFO: [ app_init ] --START--
INFO: Run Behavior\BuildLiteBehavior [ RunTime:0.000038s ]
INFO: [ app_init ] --END-- [ RunTime:0.001052s ]

[ 2017-09-01T19:58:01+08:00 ] 127.0.0.1 /index.php/Home/Goods/img/r-045537-1.jpg
INFO: [ app_init ] --START--
INFO: Run Behavior\BuildLiteBehavior [ RunTime:0.000037s ]
INFO: [ app_init ] --END-- [ RunTime:0.001010s ]

[ 2017-09-01T19:58:01+08:00 ] 127.0.0.1 /index.php/Home/Goods/img/r-020877-1.jpg
INFO: [ app_init ] --START--
INFO: Run Behavior\BuildLiteBehavior [ RunTime:0.000037s ]
INFO: [ app_init ] --END-- [ RunTime:0.001020s ]

[ 2017-09-01T19:58:01+08:00 ] 127.0.0.1 /index.php/Home/Goods/img/r-113104-1.jpg
INFO: [ app_init ] --START--
INFO: Run Behavior\BuildLiteBehavior [ RunTime:0.000036s ]
INFO: [ app_init ] --END-- [ RunTime:0.001012s ]

[ 2017-09-01T19:58:01+08:00 ] 127.0.0.1 /index.php/Home/Goods/img/r-063205-1.jpg
INFO: [ app_init ] --START--
INFO: Run Behavior\BuildLiteBehavior [ RunTime:0.000039s ]
INFO: [ app_init ] --END-- [ RunTime:0.003075s ]

[ 2017-09-01T19:58:01+08:00 ] 127.0.0.1 /index.php/Home/Goods/img/r-113103-1.jpg
INFO: [ app_init ] --START--
INFO: Run Behavior\BuildLiteBehavior [ RunTime:0.000039s ]
INFO: [ app_init ] --END-- [ RunTime:0.001108s ]

[ 2017-09-01T19:58:01+08:00 ] 127.0.0.1 /index.php/Home/Goods/img/r-113102-1.jpg
INFO: [ app_init ] --START--
INFO: Run Behavior\BuildLiteBehavior [ RunTime:0.000038s ]
INFO: [ app_init ] --END-- [ RunTime:0.001020s ]

[ 2017-09-01T19:58:01+08:00 ] 127.0.0.1 /index.php/Home/Goods/img/r-113100-1.jpg
INFO: [ app_init ] --START--
INFO: Run Behavior\BuildLiteBehavior [ RunTime:0.000036s ]
INFO: [ app_init ] --END-- [ RunTime:0.001072s ]

[ 2017-09-01T19:58:01+08:00 ] 127.0.0.1 /index.php/Home/Goods/img/r-113099-1.jpg
INFO: [ app_init ] --START--
INFO: Run Behavior\BuildLiteBehavior [ RunTime:0.000039s ]
INFO: [ app_init ] --END-- [ RunTime:0.001113s ]

[ 2017-09-01T19:58:01+08:00 ] 127.0.0.1 /index.php/Home/Goods/img/r-113098-1.jpg
INFO: [ app_init ] --START--
INFO: Run Behavior\BuildLiteBehavior [ RunTime:0.000037s ]
INFO: [ app_init ] --END-- [ RunTime:0.001003s ]

[ 2017-09-01T19:58:01+08:00 ] 127.0.0.1 /index.php/Home/Goods/img/r-113090-1.jpg
INFO: [ app_init ] --START--
INFO: Run Behavior\BuildLiteBehavior [ RunTime:0.000039s ]
INFO: [ app_init ] --END-- [ RunTime:0.001160s ]

[ 2017-09-01T19:58:01+08:00 ] 127.0.0.1 /index.php/Home/Goods/img/ewm_wx.png
INFO: [ app_init ] --START--
INFO: Run Behavior\BuildLiteBehavior [ RunTime:0.000037s ]
INFO: [ app_init ] --END-- [ RunTime:0.001011s ]

[ 2017-09-01T19:58:01+08:00 ] 127.0.0.1 /index.php/Home/Goods/img/r-113091-1.jpg
INFO: [ app_init ] --START--
INFO: Run Behavior\BuildLiteBehavior [ RunTime:0.000038s ]
INFO: [ app_init ] --END-- [ RunTime:0.001351s ]

[ 2017-09-01T19:58:01+08:00 ] 127.0.0.1 /index.php/Home/Goods/img/r-113087-1.jpg
INFO: [ app_init ] --START--
INFO: Run Behavior\BuildLiteBehavior [ RunTime:0.000037s ]
INFO: [ app_init ] --END-- [ RunTime:0.001023s ]

[ 2017-09-01T19:58:01+08:00 ] 127.0.0.1 /index.php/Home/Goods/img/ewm_indexBot1.png
INFO: [ app_init ] --START--
INFO: Run Behavior\BuildLiteBehavior [ RunTime:0.000035s ]
INFO: [ app_init ] --END-- [ RunTime:0.001010s ]

[ 2017-09-01T19:58:01+08:00 ] 127.0.0.1 /index.php/Home/Goods/css/hy_83x30.png
INFO: [ app_init ] --START--
INFO: Run Behavior\BuildLiteBehavior [ RunTime:0.000034s ]
INFO: [ app_init ] --END-- [ RunTime:0.001138s ]

[ 2017-09-01T19:58:01+08:00 ] 127.0.0.1 /index.php/Home/Goods/css/ssgs.gif
INFO: [ app_init ] --START--
INFO: Run Behavior\BuildLiteBehavior [ RunTime:0.000036s ]
INFO: [ app_init ] --END-- [ RunTime:0.001038s ]

[ 2017-09-01T19:58:02+08:00 ] 127.0.0.1 /index.php/Home/Goods/img/favicon.ico
INFO: [ app_init ] --START--
INFO: Run Behavior\BuildLiteBehavior [ RunTime:0.000025s ]
INFO: [ app_init ] --END-- [ RunTime:0.000687s ]

[ 2017-09-01T19:58:28+08:00 ] 127.0.0.1 /index.php/Home/user/login
INFO: [ app_init ] --START--
INFO: Run Behavior\BuildLiteBehavior [ RunTime:0.000034s ]
INFO: [ app_init ] --END-- [ RunTime:0.000980s ]
INFO: [ app_begin ] --START--
INFO: Run Behavior\ReadHtmlCacheBehavior [ RunTime:0.001634s ]
INFO: [ app_begin ] --END-- [ RunTime:0.001767s ]
ERR: 模板不存在:./Application/Home/View/User/login.html

[ 2017-09-01T19:58:32+08:00 ] 127.0.0.1 /index.php/Home/User/login
INFO: [ app_init ] --START--
INFO: Run Behavior\BuildLiteBehavior [ RunTime:0.000026s ]
INFO: [ app_init ] --END-- [ RunTime:0.000724s ]
INFO: [ app_begin ] --START--
INFO: Run Behavior\ReadHtmlCacheBehavior [ RunTime:0.000934s ]
INFO: [ app_begin ] --END-- [ RunTime:0.001042s ]
ERR: 模板不存在:./Application/Home/View/User/login.html

[ 2017-09-01T19:58:48+08:00 ] 127.0.0.1 /index.php/Home/User/login
INFO: [ app_init ] --START--
INFO: Run Behavior\BuildLiteBehavior [ RunTime:0.000039s ]
INFO: [ app_init ] --END-- [ RunTime:0.001547s ]
INFO: [ app_begin ] --START--
INFO: Run Behavior\ReadHtmlCacheBehavior [ RunTime:0.001457s ]
INFO: [ app_begin ] --END-- [ RunTime:0.001633s ]
INFO: [ view_parse ] --START--
INFO: [ template_filter ] --START--
INFO: Run Behavior\ContentReplaceBehavior [ RunTime:0.000226s ]
INFO: [ template_filter ] --END-- [ RunTime:0.000398s ]
INFO: Run Behavior\ParseTemplateBehavior [ RunTime:0.022468s ]
INFO: [ view_parse ] --END-- [ RunTime:0.022648s ]
INFO: [ view_filter ] --START--
INFO: Run Behavior\WriteHtmlCacheBehavior [ RunTime:0.000532s ]
INFO: [ view_filter ] --END-- [ RunTime:0.000645s ]
INFO: [ app_end ] --START--
INFO: Run Behavior\ShowPageTraceBehavior [ RunTime:0.003204s ]
INFO: [ app_end ] --END-- [ RunTime:0.003471s ]

[ 2017-09-01T19:58:48+08:00 ] 127.0.0.1 /index.php/Home/User/css/meici.css
INFO: [ app_init ] --START--
INFO: Run Behavior\BuildLiteBehavior [ RunTime:0.000039s ]
INFO: [ app_init ] --END-- [ RunTime:0.001061s ]
INFO: [ app_begin ] --START--
INFO: Run Behavior\ReadHtmlCacheBehavior [ RunTime:0.001398s ]
INFO: [ app_begin ] --END-- [ RunTime:0.001579s ]
ERR: 非法操作:css

[ 2017-09-01T19:58:48+08:00 ] 127.0.0.1 /index.php/Home/User/css/meici_new.css
INFO: [ app_init ] --START--
INFO: Run Behavior\BuildLiteBehavior [ RunTime:0.000043s ]
INFO: [ app_init ] --END-- [ RunTime:0.002922s ]
INFO: [ app_begin ] --START--
INFO: Run Behavior\ReadHtmlCacheBehavior [ RunTime:0.001452s ]
INFO: [ app_begin ] --END-- [ RunTime:0.002167s ]
ERR: 非法操作:css

[ 2017-09-01T19:58:48+08:00 ] 127.0.0.1 /index.php/Home/User/img/ewm_indexTop.png
INFO: [ app_init ] --START--
INFO: Run Behavior\BuildLiteBehavior [ RunTime:0.000043s ]
INFO: [ app_init ] --END-- [ RunTime:0.001358s ]

[ 2017-09-01T19:58:48+08:00 ] 127.0.0.1 /index.php/Home/User/img/ewm_txt.png
INFO: [ app_init ] --START--
INFO: Run Behavior\BuildLiteBehavior [ RunTime:0.000037s ]
INFO: [ app_init ] --END-- [ RunTime:0.001104s ]

[ 2017-09-01T19:58:48+08:00 ] 127.0.0.1 /index.php/Home/User/img/login_bg.png
INFO: [ app_init ] --START--
INFO: Run Behavior\BuildLiteBehavior [ RunTime:0.000032s ]
INFO: [ app_init ] --END-- [ RunTime:0.000985s ]


[ 2017-09-01T19:58:48+08:00 ] 127.0.0.1 /index.php/Home/User/img/hy_83x30.png
INFO: [ app_init ] --START--
INFO: Run Behavior\BuildLiteBehavior [ RunTime:0.000039s ]
INFO: [ app_init ] --END-- [ RunTime:0.001062s ]

[ 2017-09-01T19:58:48+08:00 ] 127.0.0.1 /index.php/Home/User/img/ssgs.gif
INFO: [ app_init ] --START--
INFO: Run Behavior\BuildLiteBehavior [ RunTime:0.000039s ]
INFO: [ app_init ] --END-- [ RunTime:0.001269s ]

[ 2017-09-01T19:58:49+08:00 ] 127.0.0.1 /index.php/Home/User/img/favicon.ico
INFO: [ app_init ] --START--
INFO: Run Behavior\BuildLiteBehavior [ RunTime:0.000037s ]
INFO: [ app_init ] --END-- [ RunTime:0.001006s ]

[ 2017-09-01T19:59:33+08:00 ] 127.0.0.1 /index.php/Home/User/login
INFO: [ app_init ] --START--
INFO: Run Behavior\BuildLiteBehavior [ RunTime:0.000035s ]
INFO: [ app_init ] --END-- [ RunTime:0.001005s ]
INFO: [ app_begin ] --START--
INFO: Run Behavior\ReadHtmlCacheBehavior [ RunTime:0.000936s ]
INFO: [ app_begin ] --END-- [ RunTime:0.001050s ]
INFO: [ view_parse ] --START--
INFO: [ template_filter ] --START--
INFO: Run Behavior\ContentReplaceBehavior [ RunTime:0.000231s ]
INFO: [ template_filter ] --END-- [ RunTime:0.000404s ]
INFO: Run Behavior\ParseTemplateBehavior [ RunTime:0.023043s ]
INFO: [ view_parse ] --END-- [ RunTime:0.023198s ]
INFO: [ view_filter ] --START--
INFO: Run Behavior\WriteHtmlCacheBehavior [ RunTime:0.000893s ]
INFO: [ view_filter ] --END-- [ RunTime:0.000987s ]
INFO: [ app_end ] --START--
INFO: Run Behavior\ShowPageTraceBehavior [ RunTime:0.002299s ]
INFO: [ app_end ] --END-- [ RunTime:0.002482s ]

[ 2017-09-01T19:59:34+08:00 ] 127.0.0.1 /index.php/Home/User/css/meici.css
INFO: [ app_init ] --START--
INFO: Run Behavior\BuildLiteBehavior [ RunTime:0.000027s ]
INFO: [ app_init ] --END-- [ RunTime:0.000704s ]
INFO: [ app_begin ] --START--
INFO: Run Behavior\ReadHtmlCacheBehavior [ RunTime:0.001341s ]
INFO: [ app_begin ] --END-- [ RunTime:0.001523s ]
ERR: 非法操作:css

[ 2017-09-01T19:59:34+08:00 ] 127.0.0.1 /index.php/Home/User/img/ewm_indexTop.png
INFO: [ app_init ] --START--
INFO: Run Behavior\BuildLiteBehavior [ RunTime:0.000040s ]
INFO: [ app_init ] --END-- [ RunTime:0.015470s ]

[ 2017-09-01T19:59:34+08:00 ] 127.0.0.1 /index.php/Home/User/css/meici_new.css
INFO: [ app_init ] --START--
INFO: Run Behavior\BuildLiteBehavior [ RunTime:0.000035s ]
INFO: [ app_init ] --END-- [ RunTime:0.001027s ]
INFO: [ app_begin ] --START--
INFO: Run Behavior\ReadHtmlCacheBehavior [ RunTime:0.030058s ]
INFO: [ app_begin ] --END-- [ RunTime:0.030264s ]
ERR: 非法操作:css

[ 2017-09-01T19:59:34+08:00 ] 127.0.0.1 /index.php/Home/User/img/ewm_txt.png
INFO: [ app_init ] --START--
INFO: Run Behavior\BuildLiteBehavior [ RunTime:0.000033s ]
INFO: [ app_init ] --END-- [ RunTime:0.000996s ]

[ 2017-09-01T19:59:34+08:00 ] 127.0.0.1 /index.php/Home/User/img/login_bg.png
INFO: [ app_init ] --START--
INFO: Run Behavior\BuildLiteBehavior [ RunTime:0.000040s ]
INFO: [ app_init ] --END-- [ RunTime:0.002497s ]

[ 2017-09-01T19:59:34+08:00 ] 127.0.0.1 /index.php/Home/User/img/meicilogo.png
INFO: [ app_init ] --START--
INFO: Run Behavior\BuildLiteBehavior [ RunTime:0.000040s ]
INFO: [ app_init ] --END-- [ RunTime:0.001306s ]

[ 2017-09-01T19:59:34+08:00 ] 127.0.0.1 /index.php/Home/User/img/hy_83x30.png
INFO: [ app_init ] --START--
INFO: Run Behavior\BuildLiteBehavior [ RunTime:0.000040s ]
INFO: [ app_init ] --END-- [ RunTime:0.001198s ]

[ 2017-09-01T19:59:34+08:00 ] 127.0.0.1 /index.php/Home/User/img/ssgs.gif
INFO: [ app_init ] --START--
INFO: Run Behavior\BuildLiteBehavior [ RunTime:0.000039s ]
INFO: [ app_init ] --END-- [ RunTime:0.001825s ]

[ 2017-09-01T19:59:52+08:00 ] 127.0.0.1 /index.php/Home/Index/index
INFO: [ app_init ] --START--
INFO: Run Behavior\BuildLiteBehavior [ RunTime:0.000029s ]
INFO: [ app_init ] --END-- [ RunTime:0.002687s ]
INFO: [ app_begin ] --START--
INFO: Run Behavior\ReadHtmlCacheBehavior [ RunTime:0.002299s ]
INFO: [ app_begin ] --END-- [ RunTime:0.002505s ]
INFO: [ view_parse ] --START--
INFO: [ template_filter ] --START--
INFO: Run Behavior\ContentReplaceBehavior [ RunTime:0.000777s ]
INFO: [ template_filter ] --END-- [ RunTime:0.000941s ]
INFO: Run Behavior\ParseTemplateBehavior [ RunTime:0.150474s ]
INFO: [ view_parse ] --END-- [ RunTime:0.150645s ]
INFO: [ view_filter ] --START--
INFO: Run Behavior\WriteHtmlCacheBehavior [ RunTime:0.001375s ]
INFO: [ view_filter ] --END-- [ RunTime:0.001539s ]
INFO: [ app_end ] --START--
INFO: Run Behavior\ShowPageTraceBehavior [ RunTime:0.002038s ]
INFO: [ app_end ] --END-- [ RunTime:0.002293s ]

[ 2017-09-01T19:59:52+08:00 ] 127.0.0.1 /index.php/Home/Index/css/meici.css
INFO: [ app_init ] --START--
INFO: Run Behavior\BuildLiteBehavior [ RunTime:0.000038s ]
INFO: [ app_init ] --END-- [ RunTime:0.001028s ]
INFO: [ app_begin ] --START--
INFO: Run Behavior\ReadHtmlCacheBehavior [ RunTime:0.001395s ]
INFO: [ app_begin ] --END-- [ RunTime:0.001569s ]
ERR: 非法操作:css

[ 2017-09-01T19:59:52+08:00 ] 127.0.0.1 /index.php/Home/Index/css/meici_new.css
INFO: [ app_init ] --START--
INFO: Run Behavior\BuildLiteBehavior [ RunTime:0.000042s ]
INFO: [ app_init ] --END-- [ RunTime:0.001310s ]
INFO: [ app_begin ] --START--
INFO: Run Behavior\ReadHtmlCacheBehavior [ RunTime:0.002274s ]
INFO: [ app_begin ] --END-- [ RunTime:0.002471s ]
ERR: 非法操作:css

[ 2017-09-01T19:59:53+08:00 ] 127.0.0.1 /index.php/Home/Index/img/ewm_txt.png
INFO: [ app_init ] --START--
INFO: Run Behavior\BuildLiteBehavior [ RunTime:0.000033s ]
INFO: [ app_init ] --END-- [ RunTime:0.001072s ]

[ 2017-09-01T19:59:53+08:00 ] 127.0.0.1 /index.php/Home/Index/js/jquery-1.6.2.min.js
INFO: [ app_init ] --START--
INFO: Run Behavior\BuildLiteBehavior [ RunTime:0.000041s ]
INFO: [ app_init ] --END-- [ RunTime:0.001066s ]
INFO: [ app_begin ] --START--
INFO: Run Behavior\ReadHtmlCacheBehavior [ RunTime:0.001348s ]
INFO: [ app_begin ] --END-- [ RunTime:0.001520s ]
ERR: 非法操作:js

[ 2017-09-01T19:59:53+08:00 ] 127.0.0.1 /index.php/Home/Index/img/ewm_indexTop.png
INFO: [ app_init ] --START--
INFO: Run Behavior\BuildLiteBehavior [ RunTime:0.000037s ]
INFO: [ app_init ] --END-- [ RunTime:0.001156s ]

[ 2017-09-01T19:59:53+08:00 ] 127.0.0.1 /index.php/Home/Index/js/slides.jquery.js
INFO: [ app_init ] --START--
INFO: Run Behavior\BuildLiteBehavior [ RunTime:0.000043s ]
INFO: [ app_init ] --END-- [ RunTime:0.001730s ]
INFO: [ app_begin ] --START--
INFO: Run Behavior\ReadHtmlCacheBehavior [ RunTime:0.001520s ]
INFO: [ app_begin ] --END-- [ RunTime:0.001711s ]
ERR: 非法操作:js

[ 2017-09-01T19:59:53+08:00 ] 127.0.0.1 /index.php/Home/Index/js/jcarousellite_1.0.1.pack.js
INFO: [ app_init ] --START--
INFO: Run Behavior\BuildLiteBehavior [ RunTime:0.000036s ]
INFO: [ app_init ] --END-- [ RunTime:0.001149s ]
INFO: [ app_begin ] --START--
INFO: Run Behavior\ReadHtmlCacheBehavior [ RunTime:0.001345s ]
INFO: [ app_begin ] --END-- [ RunTime:0.001516s ]
ERR: 非法操作:js

[ 2017-09-01T19:59:53+08:00 ] 127.0.0.1 /index.php/Home/Index/img/mzine.jpg
INFO: [ app_init ] --START--
INFO: Run Behavior\BuildLiteBehavior [ RunTime:0.000039s ]
INFO: [ app_init ] --END-- [ RunTime:0.001082s ]

[ 2017-09-01T19:59:53+08:00 ] 127.0.0.1 /index.php/Home/Index/img/14836999651030949999.jpg
INFO: [ app_init ] --START--
INFO: Run Behavior\BuildLiteBehavior [ RunTime:0.000041s ]
INFO: [ app_init ] --END-- [ RunTime:0.001188s ]

[ 2017-09-01T19:59:53+08:00 ] 127.0.0.1 /index.php/Home/Index/img/1484019822516980495.jpg
INFO: [ app_init ] --START--
INFO: Run Behavior\BuildLiteBehavior [ RunTime:0.000034s ]
INFO: [ app_init ] --END-- [ RunTime:0.000985s ]

[ 2017-09-01T19:59:53+08:00 ] 127.0.0.1 /index.php/Home/Index/img/meicilogo.png
INFO: [ app_init ] --START--
INFO: Run Behavior\BuildLiteBehavior [ RunTime:0.000037s ]
INFO: [ app_init ] --END-- [ RunTime:0.001033s ]

[ 2017-09-01T19:59:53+08:00 ] 127.0.0.1 /index.php/Home/Index/img/14829215701078104778.jpg
INFO: [ app_init ] --START--
INFO: Run Behavior\BuildLiteBehavior [ RunTime:0.000037s ]
INFO: [ app_init ] --END-- [ RunTime:0.000989s ]

[ 2017-09-01T19:59:53+08:00 ] 127.0.0.1 /index.php/Home/Index/img/1483699980760598188.jpg
INFO: [ app_init ] --START--
INFO: Run Behavior\BuildLiteBehavior [ RunTime:0.000036s ]
INFO: [ app_init ] --END-- [ RunTime:0.000982s ]

[ 2017-09-01T19:59:53+08:00 ] 127.0.0.1 /index.php/Home/Index/img/148369769143568702.jpg
INFO: [ app_init ] --START--
INFO: Run Behavior\BuildLiteBehavior [ RunTime:0.000041s ]
INFO: [ app_init ] --END-- [ RunTime:0.002069s ]

[ 2017-09-01T19:59:53+08:00 ] 127.0.0.1 /index.php/Home/Index/img/14839508091894475351.jpg
INFO: [ app_init ] --START--
INFO: Run Behavior\BuildLiteBehavior [ RunTime:0.000039s ]
INFO: [ app_init ] --END-- [ RunTime:0.001794s ]

[ 2017-09-01T19:59:53+08:00 ] 127.0.0.1 /index.php/Home/Index/img/14842180241762475282.jpg
INFO: [ app_init ] --START--
INFO: Run Behavior\BuildLiteBehavior [ RunTime:0.000036s ]
INFO: [ app_init ] --END-- [ RunTime:0.000993s ]

[ 2017-09-01T19:59:53+08:00 ] 127.0.0.1 /index.php/Home/Index/img/14836999861077371264.jpg
INFO: [ app_init ] --START--
INFO: Run Behavior\BuildLiteBehavior [ RunTime:0.000038s ]
INFO: [ app_init ] --END-- [ RunTime:0.001010s ]

[ 2017-09-01T19:59:53+08:00 ] 127.0.0.1 /index.php/Home/Index/img/1483697688967303753.jpg
INFO: [ app_init ] --START--
INFO: Run Behavior\BuildLiteBehavior [ RunTime:0.000037s ]
INFO: [ app_init ] --END-- [ RunTime:0.001019s ]

[ 2017-09-01T19:59:53+08:00 ] 127.0.0.1 /index.php/Home/Index/img/1483699989172116240.jpg
INFO: [ app_init ] --START--
INFO: Run Behavior\BuildLiteBehavior [ RunTime:0.000033s ]
INFO: [ app_init ] --END-- [ RunTime:0.000991s ]

[ 2017-09-01T19:59:53+08:00 ] 127.0.0.1 /index.php/Home/Index/img/14836999921409663528.jpg
INFO: [ app_init ] --START--
INFO: Run Behavior\BuildLiteBehavior [ RunTime:0.000042s ]
INFO: [ app_init ] --END-- [ RunTime:0.001203s ]

[ 2017-09-01T19:59:53+08:00 ] 127.0.0.1 /index.php/Home/Index/img/1483699995492187406.jpg
INFO: [ app_init ] --START--
INFO: Run Behavior\BuildLiteBehavior [ RunTime:0.000035s ]
INFO: [ app_init ] --END-- [ RunTime:0.001013s ]

[ 2017-09-01T19:59:53+08:00 ] 127.0.0.1 /index.php/Home/Index/img/1483699998656573899.jpg
INFO: [ app_init ] --START--
INFO: Run Behavior\BuildLiteBehavior [ RunTime:0.000035s ]
INFO: [ app_init ] --END-- [ RunTime:0.001018s ]

[ 2017-09-01T19:59:53+08:00 ] 127.0.0.1 /index.php/Home/Index/img/1483700003212729811.jpg
INFO: [ app_init ] --START--
INFO: Run Behavior\BuildLiteBehavior [ RunTime:0.000036s ]
INFO: [ app_init ] --END-- [ RunTime:0.001029s ]

[ 2017-09-01T19:59:53+08:00 ] 127.0.0.1 /index.php/Home/Index/img/14837000112061988457.jpg
INFO: [ app_init ] --START--
INFO: Run Behavior\BuildLiteBehavior [ RunTime:0.000037s ]
INFO: [ app_init ] --END-- [ RunTime:0.001018s ]

[ 2017-09-01T19:59:53+08:00 ] 127.0.0.1 /index.php/Home/Index/img/148370000053300568.jpg
INFO: [ app_init ] --START--
INFO: Run Behavior\BuildLiteBehavior [ RunTime:0.000038s ]
INFO: [ app_init ] --END-- [ RunTime:0.001111s ]

[ 2017-09-01T19:59:53+08:00 ] 127.0.0.1 /index.php/Home/Index/img/14837000051744100426.jpg
INFO: [ app_init ] --START--
INFO: Run Behavior\BuildLiteBehavior [ RunTime:0.000037s ]
INFO: [ app_init ] --END-- [ RunTime:0.001037s ]

[ 2017-09-01T19:59:53+08:00 ] 127.0.0.1 /index.php/Home/Index/img/14837000181009991443.jpg
INFO: [ app_init ] --START--
INFO: Run Behavior\BuildLiteBehavior [ RunTime:0.000035s ]
INFO: [ app_init ] --END-- [ RunTime:0.001105s ]

[ 2017-09-01T19:59:53+08:00 ] 127.0.0.1 /index.php/Home/Index/img/14837000221953554316.jpg
INFO: [ app_init ] --START--
INFO: Run Behavior\BuildLiteBehavior [ RunTime:0.000041s ]
INFO: [ app_init ] --END-- [ RunTime:0.003476s ]

[ 2017-09-01T19:59:53+08:00 ] 127.0.0.1 /index.php/Home/Index/img/14837000141155565069.jpg
INFO: [ app_init ] --START--
INFO: Run Behavior\BuildLiteBehavior [ RunTime:0.000037s ]
INFO: [ app_init ] --END-- [ RunTime:0.001046s ]

[ 2017-09-01T19:59:53+08:00 ] 127.0.0.1 /index.php/Home/Index/img/14800498571785889571.jpg
INFO: [ app_init ] --START--
INFO: Run Behavior\BuildLiteBehavior [ RunTime:0.000039s ]
INFO: [ app_init ] --END-- [ RunTime:0.001029s ]

[ 2017-09-01T19:59:53+08:00 ] 127.0.0.1 /index.php/Home/Index/img/14800498441437484453.jpg
INFO: [ app_init ] --START--
INFO: Run Behavior\BuildLiteBehavior [ RunTime:0.000036s ]
INFO: [ app_init ] --END-- [ RunTime:0.001001s ]

[ 2017-09-01T19:59:53+08:00 ] 127.0.0.1 /index.php/Home/Index/img/14837000251043277052.jpg
INFO: [ app_init ] --START--
INFO: Run Behavior\BuildLiteBehavior [ RunTime:0.000043s ]
INFO: [ app_init ] --END-- [ RunTime:0.001394s ]

[ 2017-09-01T19:59:53+08:00 ] 127.0.0.1 /index.php/Home/Index/img/14800498401584137048.jpg
INFO: [ app_init ] --START--
INFO: Run Behavior\BuildLiteBehavior [ RunTime:0.000039s ]
INFO: [ app_init ] --END-- [ RunTime:0.001175s ]

[ 2017-09-01T19:59:53+08:00 ] 127.0.0.1 /index.php/Home/Index/img/14800498632098130113.jpg
INFO: [ app_init ] --START--
INFO: Run Behavior\BuildLiteBehavior [ RunTime:0.000038s ]
INFO: [ app_init ] --END-- [ RunTime:0.001010s ]

[ 2017-09-01T19:59:53+08:00 ] 127.0.0.1 /index.php/Home/Index/img/14800498601942880528.jpg
INFO: [ app_init ] --START--
INFO: Run Behavior\BuildLiteBehavior [ RunTime:0.000032s ]
INFO: [ app_init ] --END-- [ RunTime:0.000994s ]

[ 2017-09-01T19:59:53+08:00 ] 127.0.0.1 /index.php/Home/Index/js/slides.jquery.js
INFO: [ app_init ] --START--
INFO: Run Behavior\BuildLiteBehavior [ RunTime:0.000034s ]
INFO: [ app_init ] --END-- [ RunTime:0.001038s ]
INFO: [ app_begin ] --START--
INFO: Run Behavior\ReadHtmlCacheBehavior [ RunTime:0.001511s ]
INFO: [ app_begin ] --END-- [ RunTime:0.001699s ]
ERR: 非法操作:js

[ 2017-09-01T19:59:53+08:00 ] 127.0.0.1 /index.php/Home/Index/img/q-106482-1.jpg
INFO: [ app_init ] --START--
INFO: Run Behavior\BuildLiteBehavior [ RunTime:0.000040s ]
INFO: [ app_init ] --END-- [ RunTime:0.001030s ]

[ 2017-09-01T19:59:53+08:00 ] 127.0.0.1 /index.php/Home/Index/img/q-053959-1.jpg
INFO: [ app_init ] --START--
INFO: Run Behavior\BuildLiteBehavior [ RunTime:0.000037s ]
INFO: [ app_init ] --END-- [ RunTime:0.001013s ]

[ 2017-09-01T19:59:53+08:00 ] 127.0.0.1 /index.php/Home/Index/img/q-108026-1.jpg
INFO: [ app_init ] --START--
INFO: Run Behavior\BuildLiteBehavior [ RunTime:0.000036s ]
INFO: [ app_init ] --END-- [ RunTime:0.001029s ]

[ 2017-09-01T19:59:53+08:00 ] 127.0.0.1 /index.php/Home/Index/img/q-024873-1.jpg
INFO: [ app_init ] --START--
INFO: Run Behavior\BuildLiteBehavior [ RunTime:0.000036s ]
INFO: [ app_init ] --END-- [ RunTime:0.001015s ]

[ 2017-09-01T19:59:53+08:00 ] 127.0.0.1 /index.php/Home/Index/img/q-056156-1.jpg
INFO: [ app_init ] --START--
INFO: Run Behavior\BuildLiteBehavior [ RunTime:0.000041s ]
INFO: [ app_init ] --END-- [ RunTime:0.001237s ]

[ 2017-09-01T19:59:53+08:00 ] 127.0.0.1 /index.php/Home/Index/img/q-106244-1.jpg
INFO: [ app_init ] --START--
INFO: Run Behavior\BuildLiteBehavior [ RunTime:0.000038s ]
INFO: [ app_init ] --END-- [ RunTime:0.001552s ]

[ 2017-09-01T19:59:53+08:00 ] 127.0.0.1 /index.php/Home/Index/img/q-064615-1.jpg
INFO: [ app_init ] --START--
INFO: Run Behavior\BuildLiteBehavior [ RunTime:0.000038s ]
INFO: [ app_init ] --END-- [ RunTime:0.001199s ]

[ 2017-09-01T19:59:53+08:00 ] 127.0.0.1 /index.php/Home/Index/img/q-063205-1.jpg
INFO: [ app_init ] --START--
INFO: Run Behavior\BuildLiteBehavior [ RunTime:0.000042s ]
INFO: [ app_init ] --END-- [ RunTime:0.006275s ]

[ 2017-09-01T19:59:53+08:00 ] 127.0.0.1 /index.php/Home/Index/img/q-060417-1.jpg
INFO: [ app_init ] --START--
INFO: Run Behavior\BuildLiteBehavior [ RunTime:0.000036s ]
INFO: [ app_init ] --END-- [ RunTime:0.001030s ]

[ 2017-09-01T19:59:53+08:00 ] 127.0.0.1 /index.php/Home/Index/img/q-085380-1.jpg
INFO: [ app_init ] --START--
INFO: Run Behavior\BuildLiteBehavior [ RunTime:0.000042s ]
INFO: [ app_init ] --END-- [ RunTime:0.001132s ]

[ 2017-09-01T19:59:53+08:00 ] 127.0.0.1 /index.php/Home/Index/img/q-087513-1.jpg
INFO: [ app_init ] --START--
INFO: Run Behavior\BuildLiteBehavior [ RunTime:0.000040s ]
INFO: [ app_init ] --END-- [ RunTime:0.001118s ]

[ 2017-09-01T19:59:53+08:00 ] 127.0.0.1 /index.php/Home/Index/img/q-088287-1.jpg
INFO: [ app_init ] --START--
INFO: Run Behavior\BuildLiteBehavior [ RunTime:0.000037s ]
INFO: [ app_init ] --END-- [ RunTime:0.001025s ]

[ 2017-09-01T19:59:54+08:00 ] 127.0.0.1 /index.php/Home/Index/img/q-086550-1.jpg
INFO: [ app_init ] --START--
INFO: Run Behavior\BuildLiteBehavior [ RunTime:0.000035s ]
INFO: [ app_init ] --END-- [ RunTime:0.001005s ]

[ 2017-09-01T19:59:54+08:00 ] 127.0.0.1 /index.php/Home/Index/img/q-087702-1.jpg
INFO: [ app_init ] --START--
INFO: Run Behavior\BuildLiteBehavior [ RunTime:0.000156s ]
INFO: [ app_init ] --END-- [ RunTime:0.001298s ]

[ 2017-09-01T19:59:54+08:00 ] 127.0.0.1 /index.php/Home/Index/img/q-069415-1.jpg
INFO: [ app_init ] --START--
INFO: Run Behavior\BuildLiteBehavior [ RunTime:0.000037s ]
INFO: [ app_init ] --END-- [ RunTime:0.001039s ]

[ 2017-09-01T19:59:54+08:00 ] 127.0.0.1 /index.php/Home/Index/img/q-093124-1.jpg
INFO: [ app_init ] --START--
INFO: Run Behavior\BuildLiteBehavior [ RunTime:0.000038s ]
INFO: [ app_init ] --END-- [ RunTime:0.003415s ]

[ 2017-09-01T19:59:54+08:00 ] 127.0.0.1 /index.php/Home/Index/img/q-094555-1.jpg
INFO: [ app_init ] --START--
INFO: Run Behavior\BuildLiteBehavior [ RunTime:0.000039s ]
INFO: [ app_init ] --END-- [ RunTime:0.001359s ]

[ 2017-09-01T19:59:54+08:00 ] 127.0.0.1 /index.php/Home/Index/img/q-099711-1.jpg
INFO: [ app_init ] --START--
INFO: Run Behavior\BuildLiteBehavior [ RunTime:0.000036s ]
INFO: [ app_init ] --END-- [ RunTime:0.001012s ]

[ 2017-09-01T19:59:54+08:00 ] 127.0.0.1 /index.php/Home/Index/img/q-107169-1.jpg
INFO: [ app_init ] --START--
INFO: Run Behavior\BuildLiteBehavior [ RunTime:0.000035s ]
INFO: [ app_init ] --END-- [ RunTime:0.000987s ]

[ 2017-09-01T19:59:54+08:00 ] 127.0.0.1 /index.php/Home/Index/img/q-105673-1.jpg
INFO: [ app_init ] --START--
INFO: Run Behavior\BuildLiteBehavior [ RunTime:0.000040s ]
INFO: [ app_init ] --END-- [ RunTime:0.001762s ]

[ 2017-09-01T19:59:54+08:00 ] 127.0.0.1 /index.php/Home/Index/img/q-110099-1.jpg
INFO: [ app_init ] --START--
INFO: Run Behavior\BuildLiteBehavior [ RunTime:0.000037s ]
INFO: [ app_init ] --END-- [ RunTime:0.001214s ]

[ 2017-09-01T19:59:54+08:00 ] 127.0.0.1 /index.php/Home/Index/img/q-108320-1.jpg
INFO: [ app_init ] --START--
INFO: Run Behavior\BuildLiteBehavior [ RunTime:0.000038s ]
INFO: [ app_init ] --END-- [ RunTime:0.001285s ]

[ 2017-09-01T19:59:54+08:00 ] 127.0.0.1 /index.php/Home/Index/img/q-112631-1.jpg
INFO: [ app_init ] --START--
INFO: Run Behavior\BuildLiteBehavior [ RunTime:0.000035s ]
INFO: [ app_init ] --END-- [ RunTime:0.001021s ]

[ 2017-09-01T19:59:54+08:00 ] 127.0.0.1 /index.php/Home/Index/img/pic_arrow_l.png
INFO: [ app_init ] --START--
INFO: Run Behavior\BuildLiteBehavior [ RunTime:0.000032s ]
INFO: [ app_init ] --END-- [ RunTime:0.001071s ]

[ 2017-09-01T19:59:54+08:00 ] 127.0.0.1 /index.php/Home/Index/img/pic_arrow_r.png
INFO: [ app_init ] --START--
INFO: Run Behavior\BuildLiteBehavior [ RunTime:0.000040s ]
INFO: [ app_init ] --END-- [ RunTime:0.001311s ]

[ 2017-09-01T19:59:54+08:00 ] 127.0.0.1 /index.php/Home/Index/img/q-111797-1.jpg
INFO: [ app_init ] --START--
INFO: Run Behavior\BuildLiteBehavior [ RunTime:0.000038s ]
INFO: [ app_init ] --END-- [ RunTime:0.001034s ]

[ 2017-09-01T19:59:54+08:00 ] 127.0.0.1 /index.php/Home/Index/img/q-112597-1.jpg
INFO: [ app_init ] --START--
INFO: Run Behavior\BuildLiteBehavior [ RunTime:0.000036s ]
INFO: [ app_init ] --END-- [ RunTime:0.001033s ]

[ 2017-09-01T19:59:54+08:00 ] 127.0.0.1 /index.php/Home/Index/img/q-112328-1.jpg
INFO: [ app_init ] --START--
INFO: Run Behavior\BuildLiteBehavior [ RunTime:0.000038s ]
INFO: [ app_init ] --END-- [ RunTime:0.001012s ]

[ 2017-09-01T19:59:54+08:00 ] 127.0.0.1 /index.php/Home/Index/img/q-112416-1.jpg
INFO: [ app_init ] --START--
INFO: Run Behavior\BuildLiteBehavior [ RunTime:0.000038s ]
INFO: [ app_init ] --END-- [ RunTime:0.001133s ]

[ 2017-09-01T19:59:54+08:00 ] 127.0.0.1 /index.php/Home/Index/img/q-112426-1.jpg
INFO: [ app_init ] --START--
INFO: Run Behavior\BuildLiteBehavior [ RunTime:0.000042s ]
INFO: [ app_init ] --END-- [ RunTime:0.001166s ]

[ 2017-09-01T19:59:54+08:00 ] 127.0.0.1 /index.php/Home/Index/img/1484213176580520719.jpg
INFO: [ app_init ] --START--
INFO: Run Behavior\BuildLiteBehavior [ RunTime:0.000036s ]
INFO: [ app_init ] --END-- [ RunTime:0.000995s ]

[ 2017-09-01T19:59:54+08:00 ] 127.0.0.1 /index.php/Home/Index/img/nb01.jpg
INFO: [ app_init ] --START--
INFO: Run Behavior\BuildLiteBehavior [ RunTime:0.000042s ]
INFO: [ app_init ] --END-- [ RunTime:0.001137s ]

[ 2017-09-01T19:59:54+08:00 ] 127.0.0.1 /index.php/Home/Index/img/1484298652331762732.jpg
INFO: [ app_init ] --START--
INFO: Run Behavior\BuildLiteBehavior [ RunTime:0.000038s ]
INFO: [ app_init ] --END-- [ RunTime:0.001085s ]

[ 2017-09-01T19:59:54+08:00 ] 127.0.0.1 /index.php/Home/Index/img/q-112637-1.jpg
INFO: [ app_init ] --START--
INFO: Run Behavior\BuildLiteBehavior [ RunTime:0.000039s ]
INFO: [ app_init ] --END-- [ RunTime:0.001009s ]

[ 2017-09-01T19:59:54+08:00 ] 127.0.0.1 /index.php/Home/Index/img/nb02.jpg
INFO: [ app_init ] --START--
INFO: Run Behavior\BuildLiteBehavior [ RunTime:0.000034s ]
INFO: [ app_init ] --END-- [ RunTime:0.001002s ]

[ 2017-09-01T19:59:54+08:00 ] 127.0.0.1 /index.php/Home/Index/img/ewm_indexMid1.jpg
INFO: [ app_init ] --START--
INFO: Run Behavior\BuildLiteBehavior [ RunTime:0.000036s ]
INFO: [ app_init ] --END-- [ RunTime:0.001037s ]

[ 2017-09-01T19:59:54+08:00 ] 127.0.0.1 /index.php/Home/Index/img/1484276507338478835.jpg
INFO: [ app_init ] --START--
INFO: Run Behavior\BuildLiteBehavior [ RunTime:0.000036s ]
INFO: [ app_init ] --END-- [ RunTime:0.001067s ]

[ 2017-09-01T19:59:54+08:00 ] 127.0.0.1 /index.php/Home/Index/img/ewm_indexBot1.png
INFO: [ app_init ] --START--
INFO: Run Behavior\BuildLiteBehavior [ RunTime:0.000041s ]
INFO: [ app_init ] --END-- [ RunTime:0.001325s ]

[ 2017-09-01T19:59:54+08:00 ] 127.0.0.1 /index.php/Home/Index/img/hy_83x30.png
INFO: [ app_init ] --START--
INFO: Run Behavior\BuildLiteBehavior [ RunTime:0.000035s ]
INFO: [ app_init ] --END-- [ RunTime:0.000981s ]

[ 2017-09-01T19:59:54+08:00 ] 127.0.0.1 /index.php/Home/Index/img/ewm_wx.png
INFO: [ app_init ] --START--
INFO: Run Behavior\BuildLiteBehavior [ RunTime:0.000039s ]
INFO: [ app_init ] --END-- [ RunTime:0.001028s ]

[ 2017-09-01T19:59:54+08:00 ] 127.0.0.1 /index.php/Home/Index/img/1483699980760598188.jpg
INFO: [ app_init ] --START--
INFO: Run Behavior\BuildLiteBehavior [ RunTime:0.000038s ]
INFO: [ app_init ] --END-- [ RunTime:0.001367s ]

[ 2017-09-01T19:59:54+08:00 ] 127.0.0.1 /index.php/Home/Index/img/ssgs.gif
INFO: [ app_init ] --START--
INFO: Run Behavior\BuildLiteBehavior [ RunTime:0.000038s ]
INFO: [ app_init ] --END-- [ RunTime:0.001021s ]

[ 2017-09-01T19:59:54+08:00 ] 127.0.0.1 /index.php/Home/Index/img/14842180241762475282.jpg
INFO: [ app_init ] --START--
INFO: Run Behavior\BuildLiteBehavior [ RunTime:0.000044s ]
INFO: [ app_init ] --END-- [ RunTime:0.001749s ]

[ 2017-09-01T19:59:54+08:00 ] 127.0.0.1 /index.php/Home/Index/img/1483699989172116240.jpg
INFO: [ app_init ] --START--
INFO: Run Behavior\BuildLiteBehavior [ RunTime:0.000040s ]
INFO: [ app_init ] --END-- [ RunTime:0.001029s ]

[ 2017-09-01T19:59:54+08:00 ] 127.0.0.1 /index.php/Home/Index/img/14836999861077371264.jpg
INFO: [ app_init ] --START--
INFO: Run Behavior\BuildLiteBehavior [ RunTime:0.000037s ]
INFO: [ app_init ] --END-- [ RunTime:0.001146s ]

[ 2017-09-01T19:59:54+08:00 ] 127.0.0.1 /index.php/Home/Index/img/1483699995492187406.jpg
INFO: [ app_init ] --START--
INFO: Run Behavior\BuildLiteBehavior [ RunTime:0.000038s ]
INFO: [ app_init ] --END-- [ RunTime:0.001309s ]

[ 2017-09-01T19:59:54+08:00 ] 127.0.0.1 /index.php/Home/Index/img/14836999921409663528.jpg
INFO: [ app_init ] --START--
INFO: Run Behavior\BuildLiteBehavior [ RunTime:0.000038s ]
INFO: [ app_init ] --END-- [ RunTime:0.001125s ]

[ 2017-09-01T19:59:54+08:00 ] 127.0.0.1 /index.php/Home/Index/img/14837000112061988457.jpg
INFO: [ app_init ] --START--
INFO: Run Behavior\BuildLiteBehavior [ RunTime:0.000041s ]
INFO: [ app_init ] --END-- [ RunTime:0.003497s ]

[ 2017-09-01T19:59:54+08:00 ] 127.0.0.1 /index.php/Home/Index/img/1483700003212729811.jpg
INFO: [ app_init ] --START--
INFO: Run Behavior\BuildLiteBehavior [ RunTime:0.000037s ]
INFO: [ app_init ] --END-- [ RunTime:0.001049s ]

[ 2017-09-01T19:59:54+08:00 ] 127.0.0.1 /index.php/Home/Index/img/1483699998656573899.jpg
INFO: [ app_init ] --START--
INFO: Run Behavior\BuildLiteBehavior [ RunTime:0.000040s ]
INFO: [ app_init ] --END-- [ RunTime:0.001092s ]

[ 2017-09-01T19:59:54+08:00 ] 127.0.0.1 /index.php/Home/Index/img/14837000051744100426.jpg
INFO: [ app_init ] --START--
INFO: Run Behavior\BuildLiteBehavior [ RunTime:0.000043s ]
INFO: [ app_init ] --END-- [ RunTime:0.004960s ]

[ 2017-09-01T19:59:54+08:00 ] 127.0.0.1 /index.php/Home/Index/img/148370000053300568.jpg
INFO: [ app_init ] --START--
INFO: Run Behavior\BuildLiteBehavior [ RunTime:0.000037s ]
INFO: [ app_init ] --END-- [ RunTime:0.001024s ]

[ 2017-09-01T19:59:54+08:00 ] 127.0.0.1 /index.php/Home/Index/img/14837000251043277052.jpg
INFO: [ app_init ] --START--
INFO: Run Behavior\BuildLiteBehavior [ RunTime:0.000039s ]
INFO: [ app_init ] --END-- [ RunTime:0.001055s ]

[ 2017-09-01T19:59:54+08:00 ] 127.0.0.1 /index.php/Home/Index/img/14837000181009991443.jpg
INFO: [ app_init ] --START--
INFO: Run Behavior\BuildLiteBehavior [ RunTime:0.000038s ]
INFO: [ app_init ] --END-- [ RunTime:0.001055s ]

[ 2017-09-01T19:59:54+08:00 ] 127.0.0.1 /index.php/Home/Index/img/14800498401584137048.jpg
INFO: [ app_init ] --START--
INFO: Run Behavior\BuildLiteBehavior [ RunTime:0.000036s ]
INFO: [ app_init ] --END-- [ RunTime:0.001018s ]

[ 2017-09-01T19:59:55+08:00 ] 127.0.0.1 /index.php/Home/Index/img/14800498571785889571.jpg
INFO: [ app_init ] --START--
INFO: Run Behavior\BuildLiteBehavior [ RunTime:0.000040s ]
INFO: [ app_init ] --END-- [ RunTime:0.001185s ]

[ 2017-09-01T19:59:55+08:00 ] 127.0.0.1 /index.php/Home/Index/img/14800498632098130113.jpg
INFO: [ app_init ] --START--
INFO: Run Behavior\BuildLiteBehavior [ RunTime:0.000038s ]
INFO: [ app_init ] --END-- [ RunTime:0.001050s ]

[ 2017-09-01T19:59:55+08:00 ] 127.0.0.1 /index.php/Home/Index/img/14800498441437484453.jpg
INFO: [ app_init ] --START--
INFO: Run Behavior\BuildLiteBehavior [ RunTime:0.000036s ]
INFO: [ app_init ] --END-- [ RunTime:0.001050s ]

[ 2017-09-01T19:59:55+08:00 ] 127.0.0.1 /index.php/Home/Index/img/14800498601942880528.jpg
INFO: [ app_init ] --START--
INFO: Run Behavior\BuildLiteBehavior [ RunTime:0.000040s ]
INFO: [ app_init ] --END-- [ RunTime:0.001423s ]

[ 2017-09-01T19:59:55+08:00 ] 127.0.0.1 /index.php/Home/Index/img/favicon.ico
INFO: [ app_init ] --START--
INFO: Run Behavior\BuildLiteBehavior [ RunTime:0.000036s ]
INFO: [ app_init ] --END-- [ RunTime:0.000889s ]

[ 2017-09-01T20:03:20+08:00 ] 127.0.0.1 /index.php/Home/Index/index
INFO: [ app_init ] --START--
INFO: Run Behavior\BuildLiteBehavior [ RunTime:0.000047s ]
INFO: [ app_init ] --END-- [ RunTime:0.001277s ]
INFO: [ app_begin ] --START--
INFO: Run Behavior\ReadHtmlCacheBehavior [ RunTime:0.001898s ]
INFO: [ app_begin ] --END-- [ RunTime:0.002077s ]
INFO: [ view_parse ] --START--
INFO: [ template_filter ] --START--
INFO: Run Behavior\ContentReplaceBehavior [ RunTime:0.000572s ]
INFO: [ template_filter ] --END-- [ RunTime:0.000741s ]
INFO: Run Behavior\ParseTemplateBehavior [ RunTime:0.042050s ]
INFO: [ view_parse ] --END-- [ RunTime:0.042188s ]
INFO: [ view_filter ] --START--
INFO: Run Behavior\WriteHtmlCacheBehavior [ RunTime:0.001447s ]
INFO: [ view_filter ] --END-- [ RunTime:0.001590s ]
INFO: [ app_end ] --START--
INFO: Run Behavior\ShowPageTraceBehavior [ RunTime:0.001951s ]
INFO: [ app_end ] --END-- [ RunTime:0.002148s ]

[ 2017-09-01T20:03:50+08:00 ] 127.0.0.1 /index.php/Home/Index/index
INFO: [ app_init ] --START--
INFO: Run Behavior\BuildLiteBehavior [ RunTime:0.000043s ]
INFO: [ app_init ] --END-- [ RunTime:0.001391s ]
INFO: [ app_begin ] --START--
INFO: Run Behavior\ReadHtmlCacheBehavior [ RunTime:0.003656s ]
INFO: [ app_begin ] --END-- [ RunTime:0.003856s ]
INFO: [ view_parse ] --START--
INFO: [ template_filter ] --START--
INFO: Run Behavior\ContentReplaceBehavior [ RunTime:0.000681s ]
INFO: [ template_filter ] --END-- [ RunTime:0.000843s ]
INFO: Run Behavior\ParseTemplateBehavior [ RunTime:0.062167s ]
INFO: [ view_parse ] --END-- [ RunTime:0.062485s ]
INFO: [ view_filter ] --START--
INFO: Run Behavior\WriteHtmlCacheBehavior [ RunTime:0.002365s ]
INFO: [ view_filter ] --END-- [ RunTime:0.002507s ]
INFO: [ app_end ] --START--
INFO: Run Behavior\ShowPageTraceBehavior [ RunTime:0.002043s ]
INFO: [ app_end ] --END-- [ RunTime:0.002242s ]

[ 2017-09-01T20:04:27+08:00 ] 127.0.0.1 /index.php/Home/Index/index
INFO: [ app_init ] --START--
INFO: Run Behavior\BuildLiteBehavior [ RunTime:0.000026s ]
INFO: [ app_init ] --END-- [ RunTime:0.000758s ]
INFO: [ app_begin ] --START--
INFO: Run Behavior\ReadHtmlCacheBehavior [ RunTime:0.001435s ]
INFO: [ app_begin ] --END-- [ RunTime:0.001587s ]
INFO: [ view_parse ] --START--
INFO: [ template_filter ] --START--
INFO: Run Behavior\ContentReplaceBehavior [ RunTime:0.000562s ]
INFO: [ template_filter ] --END-- [ RunTime:0.000730s ]
INFO: Run Behavior\ParseTemplateBehavior [ RunTime:0.044725s ]
INFO: [ view_parse ] --END-- [ RunTime:0.045000s ]
INFO: [ view_filter ] --START--
INFO: Run Behavior\WriteHtmlCacheBehavior [ RunTime:0.000803s ]
INFO: [ view_filter ] --END-- [ RunTime:0.000973s ]
INFO: [ app_end ] --START--
INFO: Run Behavior\ShowPageTraceBehavior [ RunTime:0.001472s ]
INFO: [ app_end ] --END-- [ RunTime:0.001651s ]

[ 2017-09-01T20:04:40+08:00 ] 127.0.0.1 /index.php/Home/Index/index
INFO: [ app_init ] --START--
INFO: Run Behavior\BuildLiteBehavior [ RunTime:0.000037s ]
INFO: [ app_init ] --END-- [ RunTime:0.001318s ]
INFO: [ app_begin ] --START--
INFO: Run Behavior\ReadHtmlCacheBehavior [ RunTime:0.002250s ]
INFO: [ app_begin ] --END-- [ RunTime:0.002448s ]
INFO: [ view_parse ] --START--
INFO: [ template_filter ] --START--
INFO: Run Behavior\ContentReplaceBehavior [ RunTime:0.003108s ]
INFO: [ template_filter ] --END-- [ RunTime:0.003343s ]
INFO: Run Behavior\ParseTemplateBehavior [ RunTime:0.078517s ]
INFO: [ view_parse ] --END-- [ RunTime:0.078717s ]
INFO: [ view_filter ] --START--
INFO: Run Behavior\WriteHtmlCacheBehavior [ RunTime:0.001424s ]
INFO: [ view_filter ] --END-- [ RunTime:0.001593s ]
INFO: [ app_end ] --START--
INFO: Run Behavior\ShowPageTraceBehavior [ RunTime:0.002158s ]
INFO: [ app_end ] --END-- [ RunTime:0.002377s ]

[ 2017-09-01T20:05:01+08:00 ] 127.0.0.1 /index.php/Home/Goods/showlist
INFO: [ app_init ] --START--
INFO: Run Behavior\BuildLiteBehavior [ RunTime:0.000040s ]
INFO: [ app_init ] --END-- [ RunTime:0.001163s ]
INFO: [ app_begin ] --START--
INFO: Run Behavior\ReadHtmlCacheBehavior [ RunTime:0.001568s ]
INFO: [ app_begin ] --END-- [ RunTime:0.001780s ]
INFO: [ view_parse ] --START--
INFO: [ template_filter ] --START--
INFO: Run Behavior\ContentReplaceBehavior [ RunTime:0.000770s ]
INFO: [ template_filter ] --END-- [ RunTime:0.000906s ]
INFO: Run Behavior\ParseTemplateBehavior [ RunTime:0.049076s ]
INFO: [ view_parse ] --END-- [ RunTime:0.049272s ]
INFO: [ view_filter ] --START--
INFO: Run Behavior\WriteHtmlCacheBehavior [ RunTime:0.000917s ]
INFO: [ view_filter ] --END-- [ RunTime:0.001079s ]
INFO: [ app_end ] --START--
INFO: Run Behavior\ShowPageTraceBehavior [ RunTime:0.001419s ]
INFO: [ app_end ] --END-- [ RunTime:0.001626s ]

[ 2017-09-01T20:05:06+08:00 ] 127.0.0.1 /index.php/Home/Goods/detail
INFO: [ app_init ] --START--
INFO: Run Behavior\BuildLiteBehavior [ RunTime:0.000039s ]
INFO: [ app_init ] --END-- [ RunTime:0.001257s ]
INFO: [ app_begin ] --START--
INFO: Run Behavior\ReadHtmlCacheBehavior [ RunTime:0.001388s ]
INFO: [ app_begin ] --END-- [ RunTime:0.001511s ]
INFO: [ view_parse ] --START--
INFO: [ template_filter ] --START--
INFO: Run Behavior\ContentReplaceBehavior [ RunTime:0.000423s ]
INFO: [ template_filter ] --END-- [ RunTime:0.000547s ]
INFO: Run Behavior\ParseTemplateBehavior [ RunTime:0.034169s ]
INFO: [ view_parse ] --END-- [ RunTime:0.034311s ]
INFO: [ view_filter ] --START--
INFO: Run Behavior\WriteHtmlCacheBehavior [ RunTime:0.000861s ]
INFO: [ view_filter ] --END-- [ RunTime:0.000957s ]
INFO: [ app_end ] --START--
INFO: Run Behavior\ShowPageTraceBehavior [ RunTime:0.002914s ]
INFO: [ app_end ] --END-- [ RunTime:0.003063s ]

[ 2017-09-01T20:06:35+08:00 ] 127.0.0.1 /index.php/Home/User/regist
INFO: [ app_init ] --START--
INFO: Run Behavior\BuildLiteBehavior [ RunTime:0.000024s ]
INFO: [ app_init ] --END-- [ RunTime:0.000856s ]
INFO: [ app_begin ] --START--
INFO: Run Behavior\ReadHtmlCacheBehavior [ RunTime:0.001558s ]
INFO: [ app_begin ] --END-- [ RunTime:0.001676s ]
ERR: 模板不存在:./Application/Home/View/User/regist.html

[ 2017-09-01T20:07:04+08:00 ] 127.0.0.1 /index.php/Home/User/regist
INFO: [ app_init ] --START--
INFO: Run Behavior\BuildLiteBehavior [ RunTime:0.000026s ]
INFO: [ app_init ] --END-- [ RunTime:0.000940s ]
INFO: [ app_begin ] --START--
INFO: Run Behavior\ReadHtmlCacheBehavior [ RunTime:0.001401s ]
INFO: [ app_begin ] --END-- [ RunTime:0.001523s ]
INFO: [ view_parse ] --START--
INFO: [ template_filter ] --START--
INFO: Run Behavior\ContentReplaceBehavior [ RunTime:0.000284s ]
INFO: [ template_filter ] --END-- [ RunTime:0.000464s ]
INFO: Run Behavior\ParseTemplateBehavior [ RunTime:0.025295s ]
INFO: [ view_parse ] --END-- [ RunTime:0.025478s ]
INFO: [ view_filter ] --START--
INFO: Run Behavior\WriteHtmlCacheBehavior [ RunTime:0.001369s ]
INFO: [ view_filter ] --END-- [ RunTime:0.001526s ]
INFO: [ app_end ] --START--
INFO: Run Behavior\ShowPageTraceBehavior [ RunTime:0.004151s ]
INFO: [ app_end ] --END-- [ RunTime:0.004336s ]

[ 2017-09-01T20:07:12+08:00 ] 127.0.0.1 /index.php/Home/User/login
INFO: [ app_init ] --START--
INFO: Run Behavior\BuildLiteBehavior [ RunTime:0.000027s ]
INFO: [ app_init ] --END-- [ RunTime:0.001006s ]
INFO: [ app_begin ] --START--
INFO: Run Behavior\ReadHtmlCacheBehavior [ RunTime:0.001356s ]
INFO: [ app_begin ] --END-- [ RunTime:0.001465s ]
INFO: [ view_parse ] --START--
INFO: [ template_filter ] --START--
INFO: Run Behavior\ContentReplaceBehavior [ RunTime:0.000241s ]
INFO: [ template_filter ] --END-- [ RunTime:0.000414s ]
INFO: Run Behavior\ParseTemplateBehavior [ RunTime:0.023640s ]
INFO: [ view_parse ] --END-- [ RunTime:0.023869s ]
INFO: [ view_filter ] --START--
INFO: Run Behavior\WriteHtmlCacheBehavior [ RunTime:0.001220s ]
INFO: [ view_filter ] --END-- [ RunTime:0.001371s ]
INFO: [ app_end ] --START--
INFO: Run Behavior\ShowPageTraceBehavior [ RunTime:0.004122s ]
INFO: [ app_end ] --END-- [ RunTime:0.004377s ]

[ 2017-09-01T20:53:01+08:00 ] 127.0.0.1 /index.php/Home/
INFO: [ app_init ] --START--
INFO: Run Behavior\BuildLiteBehavior [ RunTime:0.000026s ]
INFO: [ app_init ] --END-- [ RunTime:0.001183s ]
INFO: [ app_begin ] --START--
INFO: Run Behavior\ReadHtmlCacheBehavior [ RunTime:0.002304s ]
INFO: [ app_begin ] --END-- [ RunTime:0.002506s ]
INFO: [ view_parse ] --START--
INFO: [ template_filter ] --START--
INFO: Run Behavior\ContentReplaceBehavior [ RunTime:0.000593s ]
INFO: [ template_filter ] --END-- [ RunTime:0.000754s ]
INFO: Run Behavior\ParseTemplateBehavior [ RunTime:0.190556s ]
INFO: [ view_parse ] --END-- [ RunTime:0.190695s ]
INFO: [ view_filter ] --START--
INFO: Run Behavior\WriteHtmlCacheBehavior [ RunTime:0.000883s ]
INFO: [ view_filter ] --END-- [ RunTime:0.000979s ]
INFO: [ app_end ] --START--
INFO: Run Behavior\ShowPageTraceBehavior [ RunTime:0.002016s ]
INFO: [ app_end ] --END-- [ RunTime:0.002193s ]

[ 2017-09-01T21:21:52+08:00 ] 127.0.0.1 /index.php/User/login
INFO: [ app_init ] --START--
INFO: Run Behavior\BuildLiteBehavior [ RunTime:0.000032s ]
INFO: [ app_init ] --END-- [ RunTime:0.003387s ]
INFO: [ app_begin ] --START--
INFO: Run Behavior\ReadHtmlCacheBehavior [ RunTime:0.001700s ]
INFO: [ app_begin ] --END-- [ RunTime:0.001838s ]
INFO: [ view_parse ] --START--
INFO: [ template_filter ] --START--
INFO: Run Behavior\ContentReplaceBehavior [ RunTime:0.000159s ]
INFO: [ template_filter ] --END-- [ RunTime:0.000292s ]
INFO: Run Behavior\ParseTemplateBehavior [ RunTime:0.197597s ]
INFO: [ view_parse ] --END-- [ RunTime:0.197763s ]
INFO: [ view_filter ] --START--
INFO: Run Behavior\WriteHtmlCacheBehavior [ RunTime:0.000874s ]
INFO: [ view_filter ] --END-- [ RunTime:0.000982s ]
INFO: [ app_end ] --START--
INFO: Run Behavior\ShowPageTraceBehavior [ RunTime:0.001603s ]
INFO: [ app_end ] --END-- [ RunTime:0.003628s ]

[ 2017-09-01T21:22:01+08:00 ] 127.0.0.1 /index.php/Home/User/login
INFO: [ app_init ] --START--
INFO: Run Behavior\BuildLiteBehavior [ RunTime:0.000037s ]
INFO: [ app_init ] --END-- [ RunTime:0.001023s ]
INFO: [ app_begin ] --START--
INFO: Run Behavior\ReadHtmlCacheBehavior [ RunTime:0.002192s ]
INFO: [ app_begin ] --END-- [ RunTime:0.002360s ]
INFO: [ view_parse ] --START--
INFO: [ template_filter ] --START--
INFO: Run Behavior\ContentReplaceBehavior [ RunTime:0.000247s ]
INFO: [ template_filter ] --END-- [ RunTime:0.000426s ]
INFO: Run Behavior\ParseTemplateBehavior [ RunTime:0.022495s ]
INFO: [ view_parse ] --END-- [ RunTime:0.022655s ]
INFO: [ view_filter ] --START--
INFO: Run Behavior\WriteHtmlCacheBehavior [ RunTime:0.001217s ]
INFO: [ view_filter ] --END-- [ RunTime:0.001361s ]
INFO: [ app_end ] --START--
INFO: Run Behavior\ShowPageTraceBehavior [ RunTime:0.002409s ]
INFO: [ app_end ] --END-- [ RunTime:0.002593s ]

