[ 2017-09-06T08:59:21+08:00 ] 127.0.0.1 /index.php/Home/User/checkName?mingzi=f%27f%27f
INFO: [ app_begin ] --START--
INFO: Run Behavior\ReadHtmlCacheBehavior [ RunTime:0.000267s ]
INFO: [ app_begin ] --END-- [ RunTime:0.000495s ]
INFO: [ app_end ] --START--
INFO: Run Behavior\ShowPageTraceBehavior [ RunTime:0.000309s ]
INFO: [ app_end ] --END-- [ RunTime:0.000370s ]

[ 2017-09-06T09:00:49+08:00 ] 127.0.0.1 /index.php/Home/User/checkName?mingzi=sd
INFO: [ app_begin ] --START--
INFO: Run Behavior\ReadHtmlCacheBehavior [ RunTime:0.002364s ]
INFO: [ app_begin ] --END-- [ RunTime:0.003384s ]
INFO: [ app_end ] --START--
INFO: Run Behavior\ShowPageTraceBehavior [ RunTime:0.000686s ]
INFO: [ app_end ] --END-- [ RunTime:0.000813s ]

[ 2017-09-06T09:00:56+08:00 ] 127.0.0.1 /index.php/Home/User/checkName?mingzi=sd
INFO: [ app_begin ] --START--
INFO: Run Behavior\ReadHtmlCacheBehavior [ RunTime:0.000265s ]
INFO: [ app_begin ] --END-- [ RunTime:0.000484s ]
INFO: [ app_end ] --START--
INFO: Run Behavior\ShowPageTraceBehavior [ RunTime:0.000317s ]
INFO: [ app_end ] --END-- [ RunTime:0.000376s ]

[ 2017-09-06T09:01:51+08:00 ] 127.0.0.1 /index.php/Home/User/checkName?mingzi=dfd
INFO: [ app_begin ] --START--
INFO: Run Behavior\ReadHtmlCacheBehavior [ RunTime:0.000283s ]
INFO: [ app_begin ] --END-- [ RunTime:0.000562s ]
INFO: [ app_end ] --START--
INFO: Run Behavior\ShowPageTraceBehavior [ RunTime:0.000293s ]
INFO: [ app_end ] --END-- [ RunTime:0.000355s ]

[ 2017-09-06T09:01:55+08:00 ] 127.0.0.1 /index.php/Home/User/checkName?mingzi=dfd
INFO: [ app_begin ] --START--
INFO: Run Behavior\ReadHtmlCacheBehavior [ RunTime:0.000267s ]
INFO: [ app_begin ] --END-- [ RunTime:0.000493s ]
INFO: [ app_end ] --START--
INFO: Run Behavior\ShowPageTraceBehavior [ RunTime:0.000272s ]
INFO: [ app_end ] --END-- [ RunTime:0.000336s ]

[ 2017-09-06T09:36:48+08:00 ] 127.0.0.1 /index.php/Home/User/checkName?mingzi=sss
INFO: [ app_begin ] --START--
INFO: Run Behavior\ReadHtmlCacheBehavior [ RunTime:0.000258s ]
INFO: [ app_begin ] --END-- [ RunTime:0.000479s ]
INFO: [ app_end ] --START--
INFO: Run Behavior\ShowPageTraceBehavior [ RunTime:0.000261s ]
INFO: [ app_end ] --END-- [ RunTime:0.000321s ]

[ 2017-09-06T09:44:26+08:00 ] 127.0.0.1 /index.php/Home/User/checkName?mingzi=ddd
INFO: [ app_begin ] --START--
INFO: Run Behavior\ReadHtmlCacheBehavior [ RunTime:0.000440s ]
INFO: [ app_begin ] --END-- [ RunTime:0.000824s ]
INFO: [ app_end ] --START--
INFO: Run Behavior\ShowPageTraceBehavior [ RunTime:0.000863s ]
INFO: [ app_end ] --END-- [ RunTime:0.001042s ]

[ 2017-09-06T09:48:22+08:00 ] 127.0.0.1 /index.php/Home/User/checkName?mingzi=admin
INFO: [ app_begin ] --START--
INFO: Run Behavior\ReadHtmlCacheBehavior [ RunTime:0.000237s ]
INFO: [ app_begin ] --END-- [ RunTime:0.000430s ]
SQL: SHOW COLUMNS FROM `sw_user` [ RunTime:0.0005s ]
SQL: SELECT * FROM `sw_user` WHERE `username` = 'admin' LIMIT 1   [ RunTime:0.0003s ]
INFO: [ app_end ] --START--
INFO: Run Behavior\ShowPageTraceBehavior [ RunTime:0.000558s ]
INFO: [ app_end ] --END-- [ RunTime:0.000692s ]

[ 2017-09-06T09:52:17+08:00 ] 127.0.0.1 /index.php/Home/User/checkName?mingzi=fdd
INFO: [ app_begin ] --START--
INFO: Run Behavior\ReadHtmlCacheBehavior [ RunTime:0.000481s ]
INFO: [ app_begin ] --END-- [ RunTime:0.000791s ]
SQL: SHOW COLUMNS FROM `sw_user` [ RunTime:0.0006s ]
SQL: SELECT * FROM `sw_user` WHERE `username` = 'fdd' LIMIT 1   [ RunTime:0.0004s ]
INFO: [ app_end ] --START--
INFO: Run Behavior\ShowPageTraceBehavior [ RunTime:0.000341s ]
INFO: [ app_end ] --END-- [ RunTime:0.000450s ]

[ 2017-09-06T09:52:34+08:00 ] 127.0.0.1 /index.php/Home/User/checkName?mingzi=fdd
INFO: [ app_begin ] --START--
INFO: Run Behavior\ReadHtmlCacheBehavior [ RunTime:0.000630s ]
INFO: [ app_begin ] --END-- [ RunTime:0.001173s ]
SQL: SHOW COLUMNS FROM `sw_user` [ RunTime:0.0007s ]
SQL: SELECT * FROM `sw_user` WHERE `username` = 'fdd' LIMIT 1   [ RunTime:0.0004s ]
INFO: [ app_end ] --START--
INFO: Run Behavior\ShowPageTraceBehavior [ RunTime:0.000662s ]
INFO: [ app_end ] --END-- [ RunTime:0.000786s ]

[ 2017-09-06T09:52:36+08:00 ] 127.0.0.1 /index.php/Home/User/checkName?mingzi=fdd
INFO: [ app_begin ] --START--
INFO: Run Behavior\ReadHtmlCacheBehavior [ RunTime:0.000364s ]
INFO: [ app_begin ] --END-- [ RunTime:0.000632s ]
SQL: SHOW COLUMNS FROM `sw_user` [ RunTime:0.0023s ]
SQL: SELECT * FROM `sw_user` WHERE `username` = 'fdd' LIMIT 1   [ RunTime:0.0008s ]
INFO: [ app_end ] --START--
INFO: Run Behavior\ShowPageTraceBehavior [ RunTime:0.000686s ]
INFO: [ app_end ] --END-- [ RunTime:0.000794s ]

[ 2017-09-06T09:53:55+08:00 ] 127.0.0.1 /index.php/Home/User/checkName?mingzi=vvv
INFO: [ app_begin ] --START--
INFO: Run Behavior\ReadHtmlCacheBehavior [ RunTime:0.000834s ]
INFO: [ app_begin ] --END-- [ RunTime:0.001179s ]
SQL: SHOW COLUMNS FROM `sw_user` [ RunTime:0.0005s ]
SQL: SELECT * FROM `sw_user` WHERE `username` = 'vvv' LIMIT 1   [ RunTime:0.0003s ]
INFO: [ app_end ] --START--
INFO: Run Behavior\ShowPageTraceBehavior [ RunTime:0.000333s ]
INFO: [ app_end ] --END-- [ RunTime:0.000391s ]

[ 2017-09-06T09:59:35+08:00 ] 127.0.0.1 /index.php/Home/User/checkName.html?mingzi=dd
INFO: [ app_begin ] --START--
INFO: Run Behavior\ReadHtmlCacheBehavior [ RunTime:0.000244s ]
INFO: [ app_begin ] --END-- [ RunTime:0.000445s ]
SQL: SHOW COLUMNS FROM `sw_user` [ RunTime:0.0005s ]
SQL: SELECT * FROM `sw_user` WHERE `username` = 'dd' LIMIT 1   [ RunTime:0.0003s ]
INFO: [ app_end ] --START--
INFO: Run Behavior\ShowPageTraceBehavior [ RunTime:0.000312s ]
INFO: [ app_end ] --END-- [ RunTime:0.000369s ]

[ 2017-09-06T10:12:41+08:00 ] 127.0.0.1 /index.php/Home/User/checkName.html?mingzi=fff
INFO: [ app_begin ] --START--
INFO: Run Behavior\ReadHtmlCacheBehavior [ RunTime:0.000253s ]
INFO: [ app_begin ] --END-- [ RunTime:0.000465s ]
SQL: SHOW COLUMNS FROM `sw_user` [ RunTime:0.0004s ]
SQL: SELECT * FROM `sw_user` WHERE `username` = 'fff' LIMIT 1   [ RunTime:0.0003s ]
INFO: [ app_end ] --START--
INFO: Run Behavior\ShowPageTraceBehavior [ RunTime:0.000312s ]
INFO: [ app_end ] --END-- [ RunTime:0.000369s ]

[ 2017-09-06T10:13:23+08:00 ] 127.0.0.1 /index.php/Home/User/checkName.html?mingzi=dfdf
INFO: [ app_begin ] --START--
INFO: Run Behavior\ReadHtmlCacheBehavior [ RunTime:0.000237s ]
INFO: [ app_begin ] --END-- [ RunTime:0.000438s ]
SQL: SHOW COLUMNS FROM `sw_user` [ RunTime:0.0013s ]
SQL: SELECT * FROM `sw_user` WHERE `username` = 'dfdf' LIMIT 1   [ RunTime:0.0008s ]
INFO: [ app_end ] --START--
INFO: Run Behavior\ShowPageTraceBehavior [ RunTime:0.000530s ]
INFO: [ app_end ] --END-- [ RunTime:0.000625s ]

[ 2017-09-06T10:14:09+08:00 ] 127.0.0.1 /index.php/Home/User/checkName.html?mingzi=ddd
INFO: [ app_begin ] --START--
INFO: Run Behavior\ReadHtmlCacheBehavior [ RunTime:0.000249s ]
INFO: [ app_begin ] --END-- [ RunTime:0.000464s ]
SQL: SHOW COLUMNS FROM `sw_user` [ RunTime:0.0005s ]
SQL: SELECT * FROM `sw_user` WHERE `username` = 'ddd' LIMIT 1   [ RunTime:0.0003s ]
INFO: [ app_end ] --START--
INFO: Run Behavior\ShowPageTraceBehavior [ RunTime:0.000354s ]
INFO: [ app_end ] --END-- [ RunTime:0.000419s ]

[ 2017-09-06T10:21:32+08:00 ] 127.0.0.1 /index.php/Home/User/checkName')%7D?mingzi=ggg
INFO: [ app_begin ] --START--
INFO: Run Behavior\ReadHtmlCacheBehavior [ RunTime:0.000259s ]
INFO: [ app_begin ] --END-- [ RunTime:0.000457s ]
INFO: [ view_parse ] --START--
INFO: [ template_filter ] --START--
INFO: Run Behavior\ContentReplaceBehavior [ RunTime:0.000039s ]
INFO: [ template_filter ] --END-- [ RunTime:0.000108s ]
INFO: Run Behavior\ParseTemplateBehavior [ RunTime:0.004760s ]
INFO: [ view_parse ] --END-- [ RunTime:0.004856s ]
INFO: [ view_filter ] --START--
INFO: Run Behavior\WriteHtmlCacheBehavior [ RunTime:0.000114s ]
INFO: [ view_filter ] --END-- [ RunTime:0.000171s ]
INFO: [ app_end ] --START--
INFO: Run Behavior\ShowPageTraceBehavior [ RunTime:0.000279s ]
INFO: [ app_end ] --END-- [ RunTime:0.000338s ]

[ 2017-09-06T10:22:27+08:00 ] 127.0.0.1 /index.php/Home/User/checkName')%7D?mingzi=admin
INFO: [ app_begin ] --START--
INFO: Run Behavior\ReadHtmlCacheBehavior [ RunTime:0.000241s ]
INFO: [ app_begin ] --END-- [ RunTime:0.000439s ]
INFO: [ view_parse ] --START--
INFO: [ template_filter ] --START--
INFO: Run Behavior\ContentReplaceBehavior [ RunTime:0.000036s ]
INFO: [ template_filter ] --END-- [ RunTime:0.000099s ]
INFO: Run Behavior\ParseTemplateBehavior [ RunTime:0.009113s ]
INFO: [ view_parse ] --END-- [ RunTime:0.009245s ]
INFO: [ view_filter ] --START--
INFO: Run Behavior\WriteHtmlCacheBehavior [ RunTime:0.000253s ]
INFO: [ view_filter ] --END-- [ RunTime:0.000391s ]
INFO: [ app_end ] --START--
INFO: Run Behavior\ShowPageTraceBehavior [ RunTime:0.000395s ]
INFO: [ app_end ] --END-- [ RunTime:0.000470s ]

[ 2017-09-06T10:23:26+08:00 ] 127.0.0.1 /index.php/Home/User/checkName?mingzi=admin
INFO: [ app_begin ] --START--
INFO: Run Behavior\ReadHtmlCacheBehavior [ RunTime:0.000239s ]
INFO: [ app_begin ] --END-- [ RunTime:0.000435s ]
SQL: SHOW COLUMNS FROM `sw_user` [ RunTime:0.0005s ]
SQL: SELECT * FROM `sw_user` WHERE `username` = 'admin' LIMIT 1   [ RunTime:0.0003s ]
INFO: [ app_end ] --START--
INFO: Run Behavior\ShowPageTraceBehavior [ RunTime:0.000315s ]
INFO: [ app_end ] --END-- [ RunTime:0.000374s ]

[ 2017-09-06T10:23:57+08:00 ] 127.0.0.1 /index.php/Home/User/checkName?mingzi=admin
INFO: [ app_begin ] --START--
INFO: Run Behavior\ReadHtmlCacheBehavior [ RunTime:0.000465s ]
INFO: [ app_begin ] --END-- [ RunTime:0.000673s ]
SQL: SHOW COLUMNS FROM `sw_user` [ RunTime:0.0006s ]
SQL: SELECT * FROM `sw_user` WHERE `username` = 'admin' LIMIT 1   [ RunTime:0.0004s ]
INFO: [ app_end ] --START--
INFO: Run Behavior\ShowPageTraceBehavior [ RunTime:0.000356s ]
INFO: [ app_end ] --END-- [ RunTime:0.000422s ]

[ 2017-09-06T10:24:04+08:00 ] 127.0.0.1 /index.php/Home/User/checkName?mingzi=ddd
INFO: [ app_begin ] --START--
INFO: Run Behavior\ReadHtmlCacheBehavior [ RunTime:0.000256s ]
INFO: [ app_begin ] --END-- [ RunTime:0.000476s ]
SQL: SHOW COLUMNS FROM `sw_user` [ RunTime:0.0005s ]
SQL: SELECT * FROM `sw_user` WHERE `username` = 'ddd' LIMIT 1   [ RunTime:0.0003s ]
INFO: [ app_end ] --START--
INFO: Run Behavior\ShowPageTraceBehavior [ RunTime:0.000330s ]
INFO: [ app_end ] --END-- [ RunTime:0.000391s ]

[ 2017-09-06T10:26:12+08:00 ] 127.0.0.1 /index.php/Home/User/checkName?mingzi=jack
INFO: [ app_begin ] --START--
INFO: Run Behavior\ReadHtmlCacheBehavior [ RunTime:0.000238s ]
INFO: [ app_begin ] --END-- [ RunTime:0.000434s ]
SQL: SHOW COLUMNS FROM `sw_user` [ RunTime:0.0005s ]
SQL: SELECT * FROM `sw_user` WHERE `username` = 'jack' LIMIT 1   [ RunTime:0.0003s ]
INFO: [ app_end ] --START--
INFO: Run Behavior\ShowPageTraceBehavior [ RunTime:0.000346s ]
INFO: [ app_end ] --END-- [ RunTime:0.000410s ]

[ 2017-09-06T10:27:21+08:00 ] 127.0.0.1 /index.php/Home/User/checkName?mingzi=dd
INFO: [ app_begin ] --START--
INFO: Run Behavior\ReadHtmlCacheBehavior [ RunTime:0.000324s ]
INFO: [ app_begin ] --END-- [ RunTime:0.000548s ]
SQL: SHOW COLUMNS FROM `sw_user` [ RunTime:0.0005s ]
SQL: SELECT * FROM `sw_user` WHERE `username` = 'dd' LIMIT 1   [ RunTime:0.0003s ]
INFO: [ app_end ] --START--
INFO: Run Behavior\ShowPageTraceBehavior [ RunTime:0.000345s ]
INFO: [ app_end ] --END-- [ RunTime:0.000408s ]

[ 2017-09-06T10:28:08+08:00 ] 127.0.0.1 /index.php/Home/User/checkName?mingzi=jj
INFO: [ app_begin ] --START--
INFO: Run Behavior\ReadHtmlCacheBehavior [ RunTime:0.000249s ]
INFO: [ app_begin ] --END-- [ RunTime:0.000459s ]
SQL: SHOW COLUMNS FROM `sw_user` [ RunTime:0.0005s ]
SQL: SELECT * FROM `sw_user` WHERE `username` = 'jj' LIMIT 1   [ RunTime:0.0003s ]
INFO: [ app_end ] --START--
INFO: Run Behavior\ShowPageTraceBehavior [ RunTime:0.000360s ]
INFO: [ app_end ] --END-- [ RunTime:0.000422s ]

[ 2017-09-06T11:10:01+08:00 ] 127.0.0.1 /index.php/Home/User/checkName?mingzi=jj111
INFO: [ app_begin ] --START--
INFO: Run Behavior\ReadHtmlCacheBehavior [ RunTime:0.000547s ]
INFO: [ app_begin ] --END-- [ RunTime:0.000959s ]

[ 2017-09-06T11:10:53+08:00 ] 127.0.0.1 /index.php/Home/User/checkName?mingzi=11
INFO: [ app_begin ] --START--
INFO: Run Behavior\ReadHtmlCacheBehavior [ RunTime:0.000256s ]
INFO: [ app_begin ] --END-- [ RunTime:0.000462s ]

[ 2017-09-06T11:11:00+08:00 ] 127.0.0.1 /index.php/Home/User/checkName?mingzi=22
INFO: [ app_begin ] --START--
INFO: Run Behavior\ReadHtmlCacheBehavior [ RunTime:0.000273s ]
INFO: [ app_begin ] --END-- [ RunTime:0.000490s ]

[ 2017-09-06T11:11:26+08:00 ] 127.0.0.1 /index.php/Home/User/checkName?mingzi=33
INFO: [ app_begin ] --START--
INFO: Run Behavior\ReadHtmlCacheBehavior [ RunTime:0.000256s ]
INFO: [ app_begin ] --END-- [ RunTime:0.000458s ]

[ 2017-09-06T11:11:42+08:00 ] 127.0.0.1 /index.php/Home/User/checkName?mingzi=44
INFO: [ app_begin ] --START--
INFO: Run Behavior\ReadHtmlCacheBehavior [ RunTime:0.000623s ]
INFO: [ app_begin ] --END-- [ RunTime:0.000898s ]

[ 2017-09-06T11:11:54+08:00 ] 127.0.0.1 /index.php/Home/User/checkName?mingzi=
INFO: [ app_begin ] --START--
INFO: Run Behavior\ReadHtmlCacheBehavior [ RunTime:0.000294s ]
INFO: [ app_begin ] --END-- [ RunTime:0.000580s ]

[ 2017-09-06T11:11:58+08:00 ] 127.0.0.1 /index.php/Home/User/checkName?mingzi=jack
INFO: [ app_begin ] --START--
INFO: Run Behavior\ReadHtmlCacheBehavior [ RunTime:0.000252s ]
INFO: [ app_begin ] --END-- [ RunTime:0.000461s ]

[ 2017-09-06T11:13:16+08:00 ] 127.0.0.1 /index.php/Home/User/checkName?mingzi=
INFO: [ app_begin ] --START--
INFO: Run Behavior\ReadHtmlCacheBehavior [ RunTime:0.000242s ]
INFO: [ app_begin ] --END-- [ RunTime:0.000441s ]
SQL: SHOW COLUMNS FROM `sw_user` [ RunTime:0.0005s ]
SQL: SELECT * FROM `sw_user` WHERE `username` = '' LIMIT 1   [ RunTime:0.0003s ]
INFO: [ app_end ] --START--
INFO: Run Behavior\ShowPageTraceBehavior [ RunTime:0.000414s ]
INFO: [ app_end ] --END-- [ RunTime:0.000500s ]

[ 2017-09-06T11:13:18+08:00 ] 127.0.0.1 /index.php/Home/User/checkName?mingzi=11
INFO: [ app_begin ] --START--
INFO: Run Behavior\ReadHtmlCacheBehavior [ RunTime:0.000247s ]
INFO: [ app_begin ] --END-- [ RunTime:0.000448s ]
SQL: SHOW COLUMNS FROM `sw_user` [ RunTime:0.0013s ]
SQL: SELECT * FROM `sw_user` WHERE `username` = '11' LIMIT 1   [ RunTime:0.0004s ]
INFO: [ app_end ] --START--
INFO: Run Behavior\ShowPageTraceBehavior [ RunTime:0.000339s ]
INFO: [ app_end ] --END-- [ RunTime:0.000410s ]

[ 2017-09-06T11:13:39+08:00 ] 127.0.0.1 /index.php/Home/User/checkName?mingzi=jack
INFO: [ app_begin ] --START--
INFO: Run Behavior\ReadHtmlCacheBehavior [ RunTime:0.000244s ]
INFO: [ app_begin ] --END-- [ RunTime:0.000447s ]
SQL: SHOW COLUMNS FROM `sw_user` [ RunTime:0.0008s ]
SQL: SELECT * FROM `sw_user` WHERE `username` = 'jack' LIMIT 1   [ RunTime:0.0010s ]
INFO: [ app_end ] --START--
INFO: Run Behavior\ShowPageTraceBehavior [ RunTime:0.000320s ]
INFO: [ app_end ] --END-- [ RunTime:0.000381s ]

[ 2017-09-06T11:14:04+08:00 ] 127.0.0.1 /index.php/Home/User/checkName?mingzi=jack
INFO: [ app_begin ] --START--
INFO: Run Behavior\ReadHtmlCacheBehavior [ RunTime:0.000313s ]
INFO: [ app_begin ] --END-- [ RunTime:0.000615s ]
SQL: SHOW COLUMNS FROM `sw_user` [ RunTime:0.0006s ]
SQL: SELECT * FROM `sw_user` WHERE `username` = 'jack' LIMIT 1   [ RunTime:0.0003s ]
INFO: [ app_end ] --START--
INFO: Run Behavior\ShowPageTraceBehavior [ RunTime:0.000336s ]
INFO: [ app_end ] --END-- [ RunTime:0.000393s ]

[ 2017-09-06T11:14:06+08:00 ] 127.0.0.1 /index.php/Home/User/checkName?mingzi=11
INFO: [ app_begin ] --START--
INFO: Run Behavior\ReadHtmlCacheBehavior [ RunTime:0.000245s ]
INFO: [ app_begin ] --END-- [ RunTime:0.000478s ]
SQL: SHOW COLUMNS FROM `sw_user` [ RunTime:0.0007s ]
SQL: SELECT * FROM `sw_user` WHERE `username` = '11' LIMIT 1   [ RunTime:0.0006s ]
INFO: [ app_end ] --START--
INFO: Run Behavior\ShowPageTraceBehavior [ RunTime:0.000392s ]
INFO: [ app_end ] --END-- [ RunTime:0.000457s ]

[ 2017-09-06T11:15:30+08:00 ] 127.0.0.1 /index.php/Home/User/checkName?mingzi=222
INFO: [ app_begin ] --START--
INFO: Run Behavior\ReadHtmlCacheBehavior [ RunTime:0.000290s ]
INFO: [ app_begin ] --END-- [ RunTime:0.000567s ]

[ 2017-09-06T11:18:42+08:00 ] 127.0.0.1 /index.php/Home/User/checkName?mingzi=
INFO: [ app_begin ] --START--
INFO: Run Behavior\ReadHtmlCacheBehavior [ RunTime:0.000256s ]
INFO: [ app_begin ] --END-- [ RunTime:0.000483s ]
SQL: SHOW COLUMNS FROM `sw_user` [ RunTime:0.0005s ]
SQL: SELECT * FROM `sw_user` WHERE `username` = '' LIMIT 1   [ RunTime:0.0003s ]
INFO: [ app_end ] --START--
INFO: Run Behavior\ShowPageTraceBehavior [ RunTime:0.000342s ]
INFO: [ app_end ] --END-- [ RunTime:0.000408s ]

[ 2017-09-06T11:18:45+08:00 ] 127.0.0.1 /index.php/Home/User/checkName?mingzi=jack
INFO: [ app_begin ] --START--
INFO: Run Behavior\ReadHtmlCacheBehavior [ RunTime:0.000282s ]
INFO: [ app_begin ] --END-- [ RunTime:0.000587s ]
SQL: SHOW COLUMNS FROM `sw_user` [ RunTime:0.0006s ]
SQL: SELECT * FROM `sw_user` WHERE `username` = 'jack' LIMIT 1   [ RunTime:0.0003s ]
INFO: [ app_end ] --START--
INFO: Run Behavior\ShowPageTraceBehavior [ RunTime:0.000349s ]
INFO: [ app_end ] --END-- [ RunTime:0.000411s ]

